<?xml version="1.0" encoding="UTF-8"?>
<testsuite name="com.ceiba.Parqueadero.ServicioRestParqueadero.ServicioRestParqueaderoApplicationTests" tests="1" skipped="0" failures="1" errors="0" timestamp="2017-10-25T14:49:52" hostname="JULIO-GOMEZ" time="0.001">
  <properties/>
  <testcase name="contextLoads" classname="com.ceiba.Parqueadero.ServicioRestParqueadero.ServicioRestParqueaderoApplicationTests" time="0.001">
    <failure message="java.lang.IllegalStateException: Failed to load ApplicationContext" type="java.lang.IllegalStateException">java.lang.IllegalStateException: Failed to load ApplicationContext
	at org.springframework.test.context.cache.DefaultCacheAwareContextLoaderDelegate.loadContext(DefaultCacheAwareContextLoaderDelegate.java:125)
	at org.springframework.test.context.support.DefaultTestContext.getApplicationContext(DefaultTestContext.java:107)
	at org.springframework.test.context.web.ServletTestExecutionListener.setUpRequestContextIfNecessary(ServletTestExecutionListener.java:190)
	at org.springframework.test.context.web.ServletTestExecutionListener.prepareTestInstance(ServletTestExecutionListener.java:132)
	at org.springframework.test.context.TestContextManager.prepareTestInstance(TestContextManager.java:242)
	at org.springframework.test.context.junit4.SpringJUnit4ClassRunner.createTest(SpringJUnit4ClassRunner.java:227)
	at org.springframework.test.context.junit4.SpringJUnit4ClassRunner$1.runReflectiveCall(SpringJUnit4ClassRunner.java:289)
	at org.junit.internal.runners.model.ReflectiveCallable.run(ReflectiveCallable.java:12)
	at org.springframework.test.context.junit4.SpringJUnit4ClassRunner.methodBlock(SpringJUnit4ClassRunner.java:291)
	at org.springframework.test.context.junit4.SpringJUnit4ClassRunner.runChild(SpringJUnit4ClassRunner.java:246)
	at org.springframework.test.context.junit4.SpringJUnit4ClassRunner.runChild(SpringJUnit4ClassRunner.java:97)
	at org.junit.runners.ParentRunner$3.run(ParentRunner.java:290)
	at org.junit.runners.ParentRunner$1.schedule(ParentRunner.java:71)
	at org.junit.runners.ParentRunner.runChildren(ParentRunner.java:288)
	at org.junit.runners.ParentRunner.access$000(ParentRunner.java:58)
	at org.junit.runners.ParentRunner$2.evaluate(ParentRunner.java:268)
	at org.springframework.test.context.junit4.statements.RunBeforeTestClassCallbacks.evaluate(RunBeforeTestClassCallbacks.java:61)
	at org.springframework.test.context.junit4.statements.RunAfterTestClassCallbacks.evaluate(RunAfterTestClassCallbacks.java:70)
	at org.junit.runners.ParentRunner.run(ParentRunner.java:363)
	at org.springframework.test.context.junit4.SpringJUnit4ClassRunner.run(SpringJUnit4ClassRunner.java:190)
	at org.gradle.api.internal.tasks.testing.junit.JUnitTestClassExecuter.runTestClass(JUnitTestClassExecuter.java:114)
	at org.gradle.api.internal.tasks.testing.junit.JUnitTestClassExecuter.execute(JUnitTestClassExecuter.java:57)
	at org.gradle.api.internal.tasks.testing.junit.JUnitTestClassProcessor.processTestClass(JUnitTestClassProcessor.java:66)
	at org.gradle.api.internal.tasks.testing.SuiteTestClassProcessor.processTestClass(SuiteTestClassProcessor.java:51)
	at sun.reflect.NativeMethodAccessorImpl.invoke0(Native Method)
	at sun.reflect.NativeMethodAccessorImpl.invoke(NativeMethodAccessorImpl.java:62)
	at sun.reflect.DelegatingMethodAccessorImpl.invoke(DelegatingMethodAccessorImpl.java:43)
	at java.lang.reflect.Method.invoke(Method.java:498)
	at org.gradle.internal.dispatch.ReflectionDispatch.dispatch(ReflectionDispatch.java:35)
	at org.gradle.internal.dispatch.ReflectionDispatch.dispatch(ReflectionDispatch.java:24)
	at org.gradle.internal.dispatch.ContextClassLoaderDispatch.dispatch(ContextClassLoaderDispatch.java:32)
	at org.gradle.internal.dispatch.ProxyDispatchAdapter$DispatchingInvocationHandler.invoke(ProxyDispatchAdapter.java:93)
	at com.sun.proxy.$Proxy1.processTestClass(Unknown Source)
	at org.gradle.api.internal.tasks.testing.worker.TestWorker.processTestClass(TestWorker.java:108)
	at sun.reflect.NativeMethodAccessorImpl.invoke0(Native Method)
	at sun.reflect.NativeMethodAccessorImpl.invoke(NativeMethodAccessorImpl.java:62)
	at sun.reflect.DelegatingMethodAccessorImpl.invoke(DelegatingMethodAccessorImpl.java:43)
	at java.lang.reflect.Method.invoke(Method.java:498)
	at org.gradle.internal.dispatch.ReflectionDispatch.dispatch(ReflectionDispatch.java:35)
	at org.gradle.internal.dispatch.ReflectionDispatch.dispatch(ReflectionDispatch.java:24)
	at org.gradle.internal.remote.internal.hub.MessageHubBackedObjectConnection$DispatchWrapper.dispatch(MessageHubBackedObjectConnection.java:146)
	at org.gradle.internal.remote.internal.hub.MessageHubBackedObjectConnection$DispatchWrapper.dispatch(MessageHubBackedObjectConnection.java:128)
	at org.gradle.internal.remote.internal.hub.MessageHub$Handler.run(MessageHub.java:404)
	at org.gradle.internal.concurrent.ExecutorPolicy$CatchAndRecordFailures.onExecute(ExecutorPolicy.java:63)
	at org.gradle.internal.concurrent.ManagedExecutorImpl$1.run(ManagedExecutorImpl.java:46)
	at java.util.concurrent.ThreadPoolExecutor.runWorker(ThreadPoolExecutor.java:1149)
	at java.util.concurrent.ThreadPoolExecutor$Worker.run(ThreadPoolExecutor.java:624)
	at org.gradle.internal.concurrent.ThreadFactoryImpl$ManagedThreadRunnable.run(ThreadFactoryImpl.java:55)
	at java.lang.Thread.run(Thread.java:748)
Caused by: org.springframework.beans.factory.BeanCreationException: Error creating bean with name 'entityManagerFactory' defined in class path resource [org/springframework/boot/autoconfigure/orm/jpa/HibernateJpaConfiguration.class]: Invocation of init method failed; nested exception is org.hibernate.service.spi.ServiceException: Unable to create requested service [org.hibernate.engine.jdbc.env.spi.JdbcEnvironment]
	at org.springframework.beans.factory.support.AbstractAutowireCapableBeanFactory.initializeBean(AbstractAutowireCapableBeanFactory.java:1704)
	at org.springframework.beans.factory.support.AbstractAutowireCapableBeanFactory.doCreateBean(AbstractAutowireCapableBeanFactory.java:583)
	at org.springframework.beans.factory.support.AbstractAutowireCapableBeanFactory.createBean(AbstractAutowireCapableBeanFactory.java:502)
	at org.springframework.beans.factory.support.AbstractBeanFactory.lambda$doGetBean$0(AbstractBeanFactory.java:312)
	at org.springframework.beans.factory.support.DefaultSingletonBeanRegistry.getSingleton(DefaultSingletonBeanRegistry.java:228)
	at org.springframework.beans.factory.support.AbstractBeanFactory.doGetBean(AbstractBeanFactory.java:310)
	at org.springframework.beans.factory.support.AbstractBeanFactory.getBean(AbstractBeanFactory.java:200)
	at org.springframework.context.support.AbstractApplicationContext.getBean(AbstractApplicationContext.java:1083)
	at org.springframework.context.support.AbstractApplicationContext.finishBeanFactoryInitialization(AbstractApplicationContext.java:858)
	at org.springframework.context.support.AbstractApplicationContext.refresh(AbstractApplicationContext.java:549)
	at org.springframework.boot.SpringApplication.refresh(SpringApplication.java:750)
	at org.springframework.boot.SpringApplication.refreshContext(SpringApplication.java:386)
	at org.springframework.boot.SpringApplication.run(SpringApplication.java:327)
	at org.springframework.boot.test.context.SpringBootContextLoader.loadContext(SpringBootContextLoader.java:138)
	at org.springframework.test.context.cache.DefaultCacheAwareContextLoaderDelegate.loadContextInternal(DefaultCacheAwareContextLoaderDelegate.java:99)
	at org.springframework.test.context.cache.DefaultCacheAwareContextLoaderDelegate.loadContext(DefaultCacheAwareContextLoaderDelegate.java:117)
	... 48 more
Caused by: org.hibernate.service.spi.ServiceException: Unable to create requested service [org.hibernate.engine.jdbc.env.spi.JdbcEnvironment]
	at org.hibernate.service.internal.AbstractServiceRegistryImpl.createService(AbstractServiceRegistryImpl.java:271)
	at org.hibernate.service.internal.AbstractServiceRegistryImpl.initializeService(AbstractServiceRegistryImpl.java:233)
	at org.hibernate.service.internal.AbstractServiceRegistryImpl.getService(AbstractServiceRegistryImpl.java:210)
	at org.hibernate.engine.jdbc.internal.JdbcServicesImpl.configure(JdbcServicesImpl.java:51)
	at org.hibernate.boot.registry.internal.StandardServiceRegistryImpl.configureService(StandardServiceRegistryImpl.java:94)
	at org.hibernate.service.internal.AbstractServiceRegistryImpl.initializeService(AbstractServiceRegistryImpl.java:242)
	at org.hibernate.service.internal.AbstractServiceRegistryImpl.getService(AbstractServiceRegistryImpl.java:210)
	at org.hibernate.boot.model.process.spi.MetadataBuildingProcess.handleTypes(MetadataBuildingProcess.java:352)
	at org.hibernate.boot.model.process.spi.MetadataBuildingProcess.complete(MetadataBuildingProcess.java:111)
	at org.hibernate.jpa.boot.internal.EntityManagerFactoryBuilderImpl.metadata(EntityManagerFactoryBuilderImpl.java:858)
	at org.hibernate.jpa.boot.internal.EntityManagerFactoryBuilderImpl.build(EntityManagerFactoryBuilderImpl.java:885)
	at org.springframework.orm.jpa.vendor.SpringHibernateJpaPersistenceProvider.createContainerEntityManagerFactory(SpringHibernateJpaPersistenceProvider.java:57)
	at org.springframework.orm.jpa.LocalContainerEntityManagerFactoryBean.createNativeEntityManagerFactory(LocalContainerEntityManagerFactoryBean.java:358)
	at org.springframework.orm.jpa.AbstractEntityManagerFactoryBean.buildNativeEntityManagerFactory(AbstractEntityManagerFactoryBean.java:384)
	at org.springframework.orm.jpa.AbstractEntityManagerFactoryBean.afterPropertiesSet(AbstractEntityManagerFactoryBean.java:373)
	at org.springframework.beans.factory.support.AbstractAutowireCapableBeanFactory.invokeInitMethods(AbstractAutowireCapableBeanFactory.java:1763)
	at org.springframework.beans.factory.support.AbstractAutowireCapableBeanFactory.initializeBean(AbstractAutowireCapableBeanFactory.java:1700)
	... 63 more
Caused by: org.hibernate.HibernateException: Access to DialectResolutionInfo cannot be null when 'hibernate.dialect' not set
	at org.hibernate.engine.jdbc.dialect.internal.DialectFactoryImpl.determineDialect(DialectFactoryImpl.java:100)
	at org.hibernate.engine.jdbc.dialect.internal.DialectFactoryImpl.buildDialect(DialectFactoryImpl.java:54)
	at org.hibernate.engine.jdbc.env.internal.JdbcEnvironmentInitiator.initiateService(JdbcEnvironmentInitiator.java:137)
	at org.hibernate.engine.jdbc.env.internal.JdbcEnvironmentInitiator.initiateService(JdbcEnvironmentInitiator.java:35)
	at org.hibernate.boot.registry.internal.StandardServiceRegistryImpl.initiateService(StandardServiceRegistryImpl.java:88)
	at org.hibernate.service.internal.AbstractServiceRegistryImpl.createService(AbstractServiceRegistryImpl.java:259)
	... 79 more
</failure>
  </testcase>
  <system-out><![CDATA[09:49:48.701 [Test worker] DEBUG org.springframework.test.context.junit4.SpringJUnit4ClassRunner - SpringJUnit4ClassRunner constructor called with [class com.ceiba.Parqueadero.ServicioRestParqueadero.ServicioRestParqueaderoApplicationTests]
09:49:48.709 [Test worker] DEBUG org.springframework.test.context.BootstrapUtils - Instantiating CacheAwareContextLoaderDelegate from class [org.springframework.test.context.cache.DefaultCacheAwareContextLoaderDelegate]
09:49:48.724 [Test worker] DEBUG org.springframework.test.context.BootstrapUtils - Instantiating BootstrapContext using constructor [public org.springframework.test.context.support.DefaultBootstrapContext(java.lang.Class,org.springframework.test.context.CacheAwareContextLoaderDelegate)]
09:49:48.763 [Test worker] DEBUG org.springframework.test.context.BootstrapUtils - Instantiating TestContextBootstrapper for test class [com.ceiba.Parqueadero.ServicioRestParqueadero.ServicioRestParqueaderoApplicationTests] from class [org.springframework.boot.test.context.SpringBootTestContextBootstrapper]
09:49:48.783 [Test worker] INFO org.springframework.boot.test.context.SpringBootTestContextBootstrapper - Neither @ContextConfiguration nor @ContextHierarchy found for test class [com.ceiba.Parqueadero.ServicioRestParqueadero.ServicioRestParqueaderoApplicationTests], using SpringBootContextLoader
09:49:48.791 [Test worker] DEBUG org.springframework.test.context.support.AbstractContextLoader - Did not detect default resource location for test class [com.ceiba.Parqueadero.ServicioRestParqueadero.ServicioRestParqueaderoApplicationTests]: class path resource [com/ceiba/Parqueadero/ServicioRestParqueadero/ServicioRestParqueaderoApplicationTests-context.xml] does not exist
09:49:48.792 [Test worker] DEBUG org.springframework.test.context.support.AbstractContextLoader - Did not detect default resource location for test class [com.ceiba.Parqueadero.ServicioRestParqueadero.ServicioRestParqueaderoApplicationTests]: class path resource [com/ceiba/Parqueadero/ServicioRestParqueadero/ServicioRestParqueaderoApplicationTestsContext.groovy] does not exist
09:49:48.792 [Test worker] INFO org.springframework.test.context.support.AbstractContextLoader - Could not detect default resource locations for test class [com.ceiba.Parqueadero.ServicioRestParqueadero.ServicioRestParqueaderoApplicationTests]: no resource found for suffixes {-context.xml, Context.groovy}.
09:49:48.793 [Test worker] INFO org.springframework.test.context.support.AnnotationConfigContextLoaderUtils - Could not detect default configuration classes for test class [com.ceiba.Parqueadero.ServicioRestParqueadero.ServicioRestParqueaderoApplicationTests]: ServicioRestParqueaderoApplicationTests does not declare any static, non-private, non-final, nested classes annotated with @Configuration.
09:49:48.863 [Test worker] DEBUG org.springframework.test.context.support.ActiveProfilesUtils - Could not find an 'annotation declaring class' for annotation type [org.springframework.test.context.ActiveProfiles] and class [com.ceiba.Parqueadero.ServicioRestParqueadero.ServicioRestParqueaderoApplicationTests]
09:49:48.877 [Test worker] DEBUG org.springframework.core.env.StandardEnvironment - Adding PropertySource 'systemProperties' with lowest search precedence
09:49:48.877 [Test worker] DEBUG org.springframework.core.env.StandardEnvironment - Adding PropertySource 'systemEnvironment' with lowest search precedence
09:49:48.878 [Test worker] DEBUG org.springframework.core.env.StandardEnvironment - Initialized StandardEnvironment with PropertySources [MapPropertySource@1294835685 {name='systemProperties', properties={java.runtime.name=Java(TM) SE Runtime Environment, sun.boot.library.path=C:\Program Files\Java\jdk1.8.0_151\jre\bin, java.vm.version=25.151-b12, java.vm.vendor=Oracle Corporation, java.vendor.url=http://java.oracle.com/, path.separator=;, java.vm.name=Java HotSpot(TM) 64-Bit Server VM, file.encoding.pkg=sun.io, user.script=, sun.java.launcher=SUN_STANDARD, user.country=US, sun.os.patch.level=, java.vm.specification.name=Java Virtual Machine Specification, user.dir=C:\Users\julio.gomez\Documents\ProyectoParqueadero\ServicioRestParqueadero\ServicioRestParqueadero, java.runtime.version=1.8.0_151-b12, java.awt.graphicsenv=sun.awt.Win32GraphicsEnvironment, java.endorsed.dirs=C:\Program Files\Java\jdk1.8.0_151\jre\lib\endorsed, os.arch=amd64, java.io.tmpdir=C:\Users\JULIO~1.GOM\AppData\Local\Temp\, line.separator=
, java.vm.specification.vendor=Oracle Corporation, user.variant=, os.name=Windows 10, sun.jnu.encoding=Cp1252, java.library.path=C:\Program Files\Java\jdk1.8.0_151\bin;C:\WINDOWS\Sun\Java\bin;C:\WINDOWS\system32;C:\WINDOWS;C:/Program Files/Java/jre1.8.0_151/bin/server;C:/Program Files/Java/jre1.8.0_151/bin;C:/Program Files/Java/jre1.8.0_151/lib/amd64;C:\ProgramData\Oracle\Java\javapath;C:\Program Files (x86)\Intel\iCLS Client\;C:\Program Files\Intel\iCLS Client\;C:\Oracle\product\11.1.0\client_1\bin;C:\Program Files\CollabNet\Subversion Client;C:\WINDOWS\system32;C:\WINDOWS;C:\WINDOWS\System32\Wbem;C:\WINDOWS\System32\WindowsPowerShell\v1.0\;C:\Program Files (x86)\Intel\Intel(R) Management Engine Components\DAL;C:\Program Files\Intel\Intel(R) Management Engine Components\DAL;C:\Program Files (x86)\Intel\Intel(R) Management Engine Components\IPT;C:\Program Files\Intel\Intel(R) Management Engine Components\IPT;C:\Program Files\Git\cmd;C:\Program Files\TortoiseSVN\bin;C:\Program Files\PuTTY\;D:\Gradle\gradle-4.2.1-bin\gradle-4.2.1\bin;C:\Users\julio.gomez\AppData\Local\Microsoft\WindowsApps;;C:\Users\julio.gomez\Desktop\eclipse-jee-oxygen-1a-win32-x86_64\eclipse;;., java.specification.name=Java Platform API Specification, java.class.version=52.0, org.gradle.native=false, sun.management.compiler=HotSpot 64-Bit Tiered Compilers, os.version=10.0, user.home=C:\Users\julio.gomez, user.timezone=America/Bogota, java.awt.printerjob=sun.awt.windows.WPrinterJob, file.encoding=windows-1252, java.specification.version=1.8, java.class.path=C:\Users\julio.gomez\Documents\ProyectoParqueadero\ServicioRestParqueadero\ServicioRestParqueadero\build\classes\java\test;C:\Users\julio.gomez\Documents\ProyectoParqueadero\ServicioRestParqueadero\ServicioRestParqueadero\build\resources\test;C:\Users\julio.gomez\Documents\ProyectoParqueadero\ServicioRestParqueadero\ServicioRestParqueadero\build\classes\java\main;C:\Users\julio.gomez\Documents\ProyectoParqueadero\ServicioRestParqueadero\ServicioRestParqueadero\build\resources\main;D:\Gradle\gradle-4.2.1-bin\gradle-4.2.1\caches\modules-2\files-2.1\org.springframework.boot\spring-boot-starter-data-jpa\2.0.0.BUILD-SNAPSHOT\8a4072633d31b7f2fbe3f6a10f81d43c41803f98\spring-boot-starter-data-jpa-2.0.0.BUILD-SNAPSHOT.jar;D:\Gradle\gradle-4.2.1-bin\gradle-4.2.1\caches\modules-2\files-2.1\org.springframework.boot\spring-boot-starter-web\2.0.0.BUILD-SNAPSHOT\a0bf3be22c946f09bbabc367f8c8722950efa448\spring-boot-starter-web-2.0.0.BUILD-SNAPSHOT.jar;D:\Gradle\gradle-4.2.1-bin\gradle-4.2.1\caches\modules-2\files-2.1\org.springframework.boot\spring-boot-starter-jdbc\1.2.7.RELEASE\8d6cdbc948a01739361500f3c7482523611505cc\spring-boot-starter-jdbc-1.2.7.RELEASE.jar;D:\Gradle\gradle-4.2.1-bin\gradle-4.2.1\caches\modules-2\files-2.1\commons-collections\commons-collections\3.2\f951934aa5ae5a88d7e6dfaa6d32307d834a88be\commons-collections-3.2.jar;D:\Gradle\gradle-4.2.1-bin\gradle-4.2.1\caches\modules-2\files-2.1\com.h2database\h2\1.4.196\dd0034398d593aa3588c6773faac429bbd9aea0e\h2-1.4.196.jar;D:\Gradle\gradle-4.2.1-bin\gradle-4.2.1\caches\modules-2\files-2.1\org.springframework.boot\spring-boot-starter-test\2.0.0.BUILD-SNAPSHOT\f0615f03526a8473e68f1e36c63a451502fcf49\spring-boot-starter-test-2.0.0.BUILD-SNAPSHOT.jar;D:\Gradle\gradle-4.2.1-bin\gradle-4.2.1\caches\modules-2\files-2.1\junit\junit\4.12\2973d150c0dc1fefe998f834810d68f278ea58ec\junit-4.12.jar;D:\Gradle\gradle-4.2.1-bin\gradle-4.2.1\caches\modules-2\files-2.1\org.mockito\mockito-core\2.11.0\f819efbe6ef3f010382cdc1b4d33749e377e1cc4\mockito-core-2.11.0.jar;D:\Gradle\gradle-4.2.1-bin\gradle-4.2.1\caches\modules-2\files-2.1\org.springframework.boot\spring-boot-starter-aop\2.0.0.BUILD-SNAPSHOT\aff27d6f6a092f2f613ccbc4657f266e0957e4c9\spring-boot-starter-aop-2.0.0.BUILD-SNAPSHOT.jar;D:\Gradle\gradle-4.2.1-bin\gradle-4.2.1\caches\modules-2\files-2.1\org.springframework.boot\spring-boot-starter-json\2.0.0.BUILD-SNAPSHOT\2a6ede18a36b6e7b81fbb7b13c1e9060755dcad1\spring-boot-starter-json-2.0.0.BUILD-SNAPSHOT.jar;D:\Gradle\gradle-4.2.1-bin\gradle-4.2.1\caches\modules-2\files-2.1\org.springframework.boot\spring-boot-starter\2.0.0.BUILD-SNAPSHOT\2e644bb05b80aea89e53110d1993b2fdbe60abe\spring-boot-starter-2.0.0.BUILD-SNAPSHOT.jar;D:\Gradle\gradle-4.2.1-bin\gradle-4.2.1\caches\modules-2\files-2.1\org.hibernate\hibernate-core\5.2.12.Final\ea479b6692e22c9b642dd4142db670e92d106544\hibernate-core-5.2.12.Final.jar;D:\Gradle\gradle-4.2.1-bin\gradle-4.2.1\caches\modules-2\files-2.1\javax.transaction\javax.transaction-api\1.2\d81aff979d603edd90dcd8db2abc1f4ce6479e3e\javax.transaction-api-1.2.jar;D:\Gradle\gradle-4.2.1-bin\gradle-4.2.1\caches\modules-2\files-2.1\org.springframework.data\spring-data-jpa\2.0.1.BUILD-SNAPSHOT\6d73ba61d9f517862cece0a7d5d8a0da4579b598\spring-data-jpa-2.0.1.BUILD-SNAPSHOT.jar;D:\Gradle\gradle-4.2.1-bin\gradle-4.2.1\caches\modules-2\files-2.1\org.springframework\spring-aspects\5.0.1.BUILD-SNAPSHOT\76341edc3806d5825f23d68b3525403e03b1cb20\spring-aspects-5.0.1.BUILD-SNAPSHOT.jar;D:\Gradle\gradle-4.2.1-bin\gradle-4.2.1\caches\modules-2\files-2.1\org.springframework.boot\spring-boot-starter-tomcat\2.0.0.BUILD-SNAPSHOT\c5309214bba07b0ffcfdc450e49e5258d8536e21\spring-boot-starter-tomcat-2.0.0.BUILD-SNAPSHOT.jar;D:\Gradle\gradle-4.2.1-bin\gradle-4.2.1\caches\modules-2\files-2.1\org.hibernate.validator\hibernate-validator\6.0.3.Final\ede992930ceba3ebd17bd3e5ac3e1be5f520cc6c\hibernate-validator-6.0.3.Final.jar;D:\Gradle\gradle-4.2.1-bin\gradle-4.2.1\caches\modules-2\files-2.1\org.springframework\spring-webmvc\5.0.1.BUILD-SNAPSHOT\c79c36e4478db3043229a890f25b0eb91834e3fc\spring-webmvc-5.0.1.BUILD-SNAPSHOT.jar;D:\Gradle\gradle-4.2.1-bin\gradle-4.2.1\caches\modules-2\files-2.1\org.springframework\spring-web\5.0.1.BUILD-SNAPSHOT\66310a2ec7362e3a4c468f9c99ffc27694ed4bc\spring-web-5.0.1.BUILD-SNAPSHOT.jar;D:\Gradle\gradle-4.2.1-bin\gradle-4.2.1\caches\modules-2\files-2.1\org.springframework\spring-orm\5.0.1.BUILD-SNAPSHOT\922f7f553b91bd24ea29908a6cfa3c458ff7d3ae\spring-orm-5.0.1.BUILD-SNAPSHOT.jar;D:\Gradle\gradle-4.2.1-bin\gradle-4.2.1\caches\modules-2\files-2.1\org.springframework\spring-jdbc\5.0.1.BUILD-SNAPSHOT\c14c0d2a9a36d2100a5014bdec4ce4e3a083bfd0\spring-jdbc-5.0.1.BUILD-SNAPSHOT.jar;D:\Gradle\gradle-4.2.1-bin\gradle-4.2.1\caches\modules-2\files-2.1\org.springframework\spring-tx\5.0.1.BUILD-SNAPSHOT\1738de43b1b20219a5d0aa6e95047bccd4792300\spring-tx-5.0.1.BUILD-SNAPSHOT.jar;D:\Gradle\gradle-4.2.1-bin\gradle-4.2.1\caches\modules-2\files-2.1\org.springframework\spring-test\5.0.1.BUILD-SNAPSHOT\579370ccc0a139d0ff27e30849e266668acd7876\spring-test-5.0.1.BUILD-SNAPSHOT.jar;D:\Gradle\gradle-4.2.1-bin\gradle-4.2.1\caches\modules-2\files-2.1\org.springframework.boot\spring-boot-test-autoconfigure\2.0.0.BUILD-SNAPSHOT\b9cacd11a6558ddc3bf154a8359f37554b9b3186\spring-boot-test-autoconfigure-2.0.0.BUILD-SNAPSHOT.jar;D:\Gradle\gradle-4.2.1-bin\gradle-4.2.1\caches\modules-2\files-2.1\org.springframework.boot\spring-boot-test\2.0.0.BUILD-SNAPSHOT\8adc800903a9ae64283d838b1256504c98fe2d48\spring-boot-test-2.0.0.BUILD-SNAPSHOT.jar;D:\Gradle\gradle-4.2.1-bin\gradle-4.2.1\caches\modules-2\files-2.1\org.springframework.boot\spring-boot-autoconfigure\2.0.0.BUILD-SNAPSHOT\1bbf28959fb4aade23bfbeb17c949ebaea7f958d\spring-boot-autoconfigure-2.0.0.BUILD-SNAPSHOT.jar;D:\Gradle\gradle-4.2.1-bin\gradle-4.2.1\caches\modules-2\files-2.1\org.springframework.boot\spring-boot\2.0.0.BUILD-SNAPSHOT\5345e2c4b4103a79ec8fc8407e1c1de63431c8a9\spring-boot-2.0.0.BUILD-SNAPSHOT.jar;D:\Gradle\gradle-4.2.1-bin\gradle-4.2.1\caches\modules-2\files-2.1\org.springframework\spring-context\5.0.1.BUILD-SNAPSHOT\e727aea51758e8708b5b543eec98a54754f3c8a\spring-context-5.0.1.BUILD-SNAPSHOT.jar;D:\Gradle\gradle-4.2.1-bin\gradle-4.2.1\caches\modules-2\files-2.1\org.springframework\spring-aop\5.0.1.BUILD-SNAPSHOT\744cc78cbd5cc40ed621f61b65f129ead2e48e64\spring-aop-5.0.1.BUILD-SNAPSHOT.jar;D:\Gradle\gradle-4.2.1-bin\gradle-4.2.1\caches\modules-2\files-2.1\org.springframework.data\spring-data-commons\2.0.1.BUILD-SNAPSHOT\3147a238dfe1396deac7c4e8507f46d5a7ff07db\spring-data-commons-2.0.1.BUILD-SNAPSHOT.jar;D:\Gradle\gradle-4.2.1-bin\gradle-4.2.1\caches\modules-2\files-2.1\org.springframework\spring-beans\5.0.1.BUILD-SNAPSHOT\4682ba94a1b9489d50807773d84f0ef6b861117e\spring-beans-5.0.1.BUILD-SNAPSHOT.jar;D:\Gradle\gradle-4.2.1-bin\gradle-4.2.1\caches\modules-2\files-2.1\org.springframework\spring-expression\5.0.1.BUILD-SNAPSHOT\6c6b46fc62286dc8e3a529089b6331b5f98c1a1b\spring-expression-5.0.1.BUILD-SNAPSHOT.jar;D:\Gradle\gradle-4.2.1-bin\gradle-4.2.1\caches\modules-2\files-2.1\org.springframework\spring-core\5.0.1.BUILD-SNAPSHOT\7bbdd05b257ce44e6a8b1814e54fb4da151c4a01\spring-core-5.0.1.BUILD-SNAPSHOT.jar;D:\Gradle\gradle-4.2.1-bin\gradle-4.2.1\caches\modules-2\files-2.1\org.apache.tomcat\tomcat-jdbc\8.5.23\6036400a8f2d90dd3ae3a4d09e5136c56002887b\tomcat-jdbc-8.5.23.jar;D:\Gradle\gradle-4.2.1-bin\gradle-4.2.1\caches\modules-2\files-2.1\org.hamcrest\hamcrest-library\1.3\4785a3c21320980282f9f33d0d1264a69040538f\hamcrest-library-1.3.jar;D:\Gradle\gradle-4.2.1-bin\gradle-4.2.1\caches\modules-2\files-2.1\org.hamcrest\hamcrest-core\1.3\42a25dc3219429f0e5d060061f71acb49bf010a0\hamcrest-core-1.3.jar;D:\Gradle\gradle-4.2.1-bin\gradle-4.2.1\caches\modules-2\files-2.1\com.jayway.jsonpath\json-path\2.4.0\765a4401ceb2dc8d40553c2075eb80a8fa35c2ae\json-path-2.4.0.jar;D:\Gradle\gradle-4.2.1-bin\gradle-4.2.1\caches\modules-2\files-2.1\org.assertj\assertj-core\3.8.0\b209d90ff2e279bee3e02547ee7b11349c52d0e3\assertj-core-3.8.0.jar;D:\Gradle\gradle-4.2.1-bin\gradle-4.2.1\caches\modules-2\files-2.1\org.skyscreamer\jsonassert\1.5.0\6c9d5fe2f59da598d9aefc1cfc6528ff3cf32df3\jsonassert-1.5.0.jar;D:\Gradle\gradle-4.2.1-bin\gradle-4.2.1\caches\modules-2\files-2.1\org.xmlunit\xmlunit-core\2.5.0\7464e446df1051ac5196ffd2c28ee903a1104133\xmlunit-core-2.5.0.jar;D:\Gradle\gradle-4.2.1-bin\gradle-4.2.1\caches\modules-2\files-2.1\net.bytebuddy\byte-buddy\1.7.6\f79a6ca612ed13038efedbbba1ead83b8d6fe7ec\byte-buddy-1.7.6.jar;D:\Gradle\gradle-4.2.1-bin\gradle-4.2.1\caches\modules-2\files-2.1\net.bytebuddy\byte-buddy-agent\1.7.6\e863f5ab595f480f42d641f22935437e679d4beb\byte-buddy-agent-1.7.6.jar;D:\Gradle\gradle-4.2.1-bin\gradle-4.2.1\caches\modules-2\files-2.1\org.objenesis\objenesis\2.6\639033469776fd37c08358c6b92a4761feb2af4b\objenesis-2.6.jar;D:\Gradle\gradle-4.2.1-bin\gradle-4.2.1\caches\modules-2\files-2.1\org.springframework.boot\spring-boot-starter-logging\2.0.0.BUILD-SNAPSHOT\47f6f2037f76ad86a81672bbe2b9340ac4744045\spring-boot-starter-logging-2.0.0.BUILD-SNAPSHOT.jar;D:\Gradle\gradle-4.2.1-bin\gradle-4.2.1\caches\modules-2\files-2.1\javax.annotation\javax.annotation-api\1.3.1\20a2c0583598d68b0835474bbe07792d4f3b219f\javax.annotation-api-1.3.1.jar;D:\Gradle\gradle-4.2.1-bin\gradle-4.2.1\caches\modules-2\files-2.1\org.yaml\snakeyaml\1.19\2d998d3d674b172a588e54ab619854d073f555b5\snakeyaml-1.19.jar;D:\Gradle\gradle-4.2.1-bin\gradle-4.2.1\caches\modules-2\files-2.1\org.aspectj\aspectjweaver\1.8.12\87be4d5a1c68004a247a62c011fa63da786965fb\aspectjweaver-1.8.12.jar;D:\Gradle\gradle-4.2.1-bin\gradle-4.2.1\caches\modules-2\files-2.1\org.hibernate.common\hibernate-commons-annotations\5.0.1.Final\71e1cff3fcb20d3b3af4f3363c3ddb24d33c6879\hibernate-commons-annotations-5.0.1.Final.jar;D:\Gradle\gradle-4.2.1-bin\gradle-4.2.1\caches\modules-2\files-2.1\org.jboss.logging\jboss-logging\3.3.1.Final\c46217ab74b532568c0ed31dc599db3048bd1b67\jboss-logging-3.3.1.Final.jar;D:\Gradle\gradle-4.2.1-bin\gradle-4.2.1\caches\modules-2\files-2.1\org.hibernate.javax.persistence\hibernate-jpa-2.1-api\1.0.0.Final\5e731d961297e5a07290bfaf3db1fbc8bbbf405a\hibernate-jpa-2.1-api-1.0.0.Final.jar;D:\Gradle\gradle-4.2.1-bin\gradle-4.2.1\caches\modules-2\files-2.1\org.javassist\javassist\3.22.0-CR2\44eaf0990dea92f4bca4b9931b2239c0e8756ee7\javassist-3.22.0-CR2.jar;D:\Gradle\gradle-4.2.1-bin\gradle-4.2.1\caches\modules-2\files-2.1\antlr\antlr\2.7.7\83cd2cd674a217ade95a4bb83a8a14f351f48bd0\antlr-2.7.7.jar;D:\Gradle\gradle-4.2.1-bin\gradle-4.2.1\caches\modules-2\files-2.1\org.jboss\jandex\2.0.3.Final\bfc4d6257dbff7a33a357f0de116be6ff951d849\jandex-2.0.3.Final.jar;D:\Gradle\gradle-4.2.1-bin\gradle-4.2.1\caches\modules-2\files-2.1\com.fasterxml\classmate\1.3.4\3d5f48f10bbe4eb7bd862f10c0583be2e0053c6\classmate-1.3.4.jar;D:\Gradle\gradle-4.2.1-bin\gradle-4.2.1\caches\modules-2\files-2.1\dom4j\dom4j\1.6.1\5d3ccc056b6f056dbf0dddfdf43894b9065a8f94\dom4j-1.6.1.jar;D:\Gradle\gradle-4.2.1-bin\gradle-4.2.1\caches\modules-2\files-2.1\ch.qos.logback\logback-classic\1.2.3\7c4f3c474fb2c041d8028740440937705ebb473a\logback-classic-1.2.3.jar;D:\Gradle\gradle-4.2.1-bin\gradle-4.2.1\caches\modules-2\files-2.1\org.slf4j\jul-to-slf4j\1.7.25\af5364cd6679bfffb114f0dec8a157aaa283b76\jul-to-slf4j-1.7.25.jar;D:\Gradle\gradle-4.2.1-bin\gradle-4.2.1\caches\modules-2\files-2.1\org.slf4j\log4j-over-slf4j\1.7.25\a87bb47468f47ee7aabbd54f93e133d4215769c3\log4j-over-slf4j-1.7.25.jar;D:\Gradle\gradle-4.2.1-bin\gradle-4.2.1\caches\modules-2\files-2.1\org.slf4j\slf4j-api\1.7.25\da76ca59f6a57ee3102f8f9bd9cee742973efa8a\slf4j-api-1.7.25.jar;D:\Gradle\gradle-4.2.1-bin\gradle-4.2.1\caches\modules-2\files-2.1\com.fasterxml.jackson.datatype\jackson-datatype-jdk8\2.9.2\9b0b7c623262e29c73e8f6a78f6150372d2066f8\jackson-datatype-jdk8-2.9.2.jar;D:\Gradle\gradle-4.2.1-bin\gradle-4.2.1\caches\modules-2\files-2.1\com.fasterxml.jackson.datatype\jackson-datatype-jsr310\2.9.2\e1653d338703d8233cc1ac18c6722510bdaceb4f\jackson-datatype-jsr310-2.9.2.jar;D:\Gradle\gradle-4.2.1-bin\gradle-4.2.1\caches\modules-2\files-2.1\com.fasterxml.jackson.module\jackson-module-parameter-names\2.9.2\be78ca220839b2c53ebd33fd4d580b5a0cacdd5a\jackson-module-parameter-names-2.9.2.jar;D:\Gradle\gradle-4.2.1-bin\gradle-4.2.1\caches\modules-2\files-2.1\com.fasterxml.jackson.module\jackson-module-kotlin\2.9.2\a9cf72ae68a641ade45c400b6cec2d363818f11b\jackson-module-kotlin-2.9.2.jar;D:\Gradle\gradle-4.2.1-bin\gradle-4.2.1\caches\modules-2\files-2.1\com.fasterxml.jackson.core\jackson-databind\2.9.2\1d8d8cb7cf26920ba57fb61fa56da88cc123b21f\jackson-databind-2.9.2.jar;D:\Gradle\gradle-4.2.1-bin\gradle-4.2.1\caches\modules-2\files-2.1\org.apache.tomcat.embed\tomcat-embed-websocket\8.5.23\52f07abcae10dc7e1764304b0877def175c2c833\tomcat-embed-websocket-8.5.23.jar;D:\Gradle\gradle-4.2.1-bin\gradle-4.2.1\caches\modules-2\files-2.1\org.apache.tomcat.embed\tomcat-embed-core\8.5.23\79261793a47f507890ee08f749b9d81774e4f7f0\tomcat-embed-core-8.5.23.jar;D:\Gradle\gradle-4.2.1-bin\gradle-4.2.1\caches\modules-2\files-2.1\org.apache.tomcat.embed\tomcat-embed-el\8.5.23\98d979cde444dffa6d434c8377d0123b2dfa614c\tomcat-embed-el-8.5.23.jar;D:\Gradle\gradle-4.2.1-bin\gradle-4.2.1\caches\modules-2\files-2.1\javax.validation\validation-api\2.0.0.Final\4a7ff48084bd336c4de1f79f027f6f77badf399e\validation-api-2.0.0.Final.jar;D:\Gradle\gradle-4.2.1-bin\gradle-4.2.1\caches\modules-2\files-2.1\org.springframework\spring-jcl\5.0.1.BUILD-SNAPSHOT\2140c94b03d97dd7b22b0b300f47f20fe3636dab\spring-jcl-5.0.1.BUILD-SNAPSHOT.jar;D:\Gradle\gradle-4.2.1-bin\gradle-4.2.1\caches\modules-2\files-2.1\org.apache.tomcat\tomcat-juli\8.5.23\98e7f0610b7b2fb8303f11be0210e3f5a56a7d55\tomcat-juli-8.5.23.jar;D:\Gradle\gradle-4.2.1-bin\gradle-4.2.1\caches\modules-2\files-2.1\net.minidev\json-smart\2.3\7396407491352ce4fa30de92efb158adb76b5b\json-smart-2.3.jar;D:\Gradle\gradle-4.2.1-bin\gradle-4.2.1\caches\modules-2\files-2.1\com.vaadin.external.google\android-json\0.0.20131108.vaadin1\fa26d351fe62a6a17f5cda1287c1c6110dec413f\android-json-0.0.20131108.vaadin1.jar;D:\Gradle\gradle-4.2.1-bin\gradle-4.2.1\caches\modules-2\files-2.1\com.fasterxml.jackson.core\jackson-annotations\2.9.0\7c10d545325e3a6e72e06381afe469fd40eb701\jackson-annotations-2.9.0.jar;D:\Gradle\gradle-4.2.1-bin\gradle-4.2.1\caches\modules-2\files-2.1\com.fasterxml.jackson.core\jackson-core\2.9.2\aed20e50152a2f19adc1995c8d8f307c7efa414d\jackson-core-2.9.2.jar;D:\Gradle\gradle-4.2.1-bin\gradle-4.2.1\caches\modules-2\files-2.1\org.apache.tomcat\tomcat-annotations-api\8.5.23\aaf17df9fe0240e9e9d5375d24d5f177174b73d9\tomcat-annotations-api-8.5.23.jar;D:\Gradle\gradle-4.2.1-bin\gradle-4.2.1\caches\modules-2\files-2.1\net.minidev\accessors-smart\1.2\c592b500269bfde36096641b01238a8350f8aa31\accessors-smart-1.2.jar;D:\Gradle\gradle-4.2.1-bin\gradle-4.2.1\caches\modules-2\files-2.1\ch.qos.logback\logback-core\1.2.3\864344400c3d4d92dfeb0a305dc87d953677c03c\logback-core-1.2.3.jar;D:\Gradle\gradle-4.2.1-bin\gradle-4.2.1\caches\modules-2\files-2.1\org.ow2.asm\asm\5.0.4\da08b8cce7bbf903602a25a3a163ae252435795\asm-5.0.4.jar, user.name=julio.gomez, java.vm.specification.version=1.8, sun.java.command=worker.org.gradle.process.internal.worker.GradleWorkerMain 'Gradle Test Executor 5', java.home=C:\Program Files\Java\jdk1.8.0_151\jre, sun.arch.data.model=64, user.language=en, java.specification.vendor=Oracle Corporation, awt.toolkit=sun.awt.windows.WToolkit, java.vm.info=mixed mode, java.version=1.8.0_151, java.ext.dirs=C:\Program Files\Java\jdk1.8.0_151\jre\lib\ext;C:\WINDOWS\Sun\Java\lib\ext, property=value, sun.boot.class.path=C:\Program Files\Java\jdk1.8.0_151\jre\lib\resources.jar;C:\Program Files\Java\jdk1.8.0_151\jre\lib\rt.jar;C:\Program Files\Java\jdk1.8.0_151\jre\lib\sunrsasign.jar;C:\Program Files\Java\jdk1.8.0_151\jre\lib\jsse.jar;C:\Program Files\Java\jdk1.8.0_151\jre\lib\jce.jar;C:\Program Files\Java\jdk1.8.0_151\jre\lib\charsets.jar;C:\Program Files\Java\jdk1.8.0_151\jre\lib\jfr.jar;C:\Program Files\Java\jdk1.8.0_151\jre\classes, java.vendor=Oracle Corporation, org.gradle.test.worker=5, file.separator=\, java.vendor.url.bug=http://bugreport.sun.com/bugreport/, sun.io.unicode.encoding=UnicodeLittle, sun.cpu.endian=little, sun.desktop=windows, sun.cpu.isalist=amd64}}, SystemEnvironmentPropertySource@2034960971 {name='systemEnvironment', properties={USERDOMAIN_ROAMINGPROFILE=CEIBA, LOCALAPPDATA=C:\Users\julio.gomez\AppData\Local, PROCESSOR_LEVEL=6, USERDOMAIN=CEIBA, LOGONSERVER=\\CRONOS, JAVA_HOME=C:\Program Files\Java\jdk1.8.0_151, SESSIONNAME=Console, ALLUSERSPROFILE=C:\ProgramData, PROCESSOR_ARCHITECTURE=AMD64, GRADLE_HOME=D:\Gradle\gradle-4.2.1-bin\gradle-4.2.1\bin, PSModulePath=C:\Program Files\WindowsPowerShell\Modules;C:\WINDOWS\system32\WindowsPowerShell\v1.0\Modules, SystemDrive=C:, JRE_HOME=C:\Program Files\Java\jdk1.8.0_151\jre, OneDrive=C:\Users\julio.gomez\OneDrive, APPDATA=C:\Users\julio.gomez\AppData\Roaming, USERNAME=julio.gomez, JDK_HOME=C:\Program Files\Java\jdk1.8.0_151, USERDNSDOMAIN=CEIBA.LOCAL, ProgramFiles(x86)=C:\Program Files (x86), CommonProgramFiles=C:\Program Files\Common Files, Path=C:/Program Files/Java/jre1.8.0_151/bin/server;C:/Program Files/Java/jre1.8.0_151/bin;C:/Program Files/Java/jre1.8.0_151/lib/amd64;C:\ProgramData\Oracle\Java\javapath;C:\Program Files (x86)\Intel\iCLS Client\;C:\Program Files\Intel\iCLS Client\;C:\Oracle\product\11.1.0\client_1\bin;C:\Program Files\CollabNet\Subversion Client;C:\WINDOWS\system32;C:\WINDOWS;C:\WINDOWS\System32\Wbem;C:\WINDOWS\System32\WindowsPowerShell\v1.0\;C:\Program Files (x86)\Intel\Intel(R) Management Engine Components\DAL;C:\Program Files\Intel\Intel(R) Management Engine Components\DAL;C:\Program Files (x86)\Intel\Intel(R) Management Engine Components\IPT;C:\Program Files\Intel\Intel(R) Management Engine Components\IPT;C:\Program Files\Git\cmd;C:\Program Files\TortoiseSVN\bin;C:\Program Files\PuTTY\;D:\Gradle\gradle-4.2.1-bin\gradle-4.2.1\bin;C:\Users\julio.gomez\AppData\Local\Microsoft\WindowsApps;;C:\Users\julio.gomez\Desktop\eclipse-jee-oxygen-1a-win32-x86_64\eclipse;, PATHEXT=.COM;.EXE;.BAT;.CMD;.VBS;.VBE;.JS;.JSE;.WSF;.WSH;.MSC, OS=Windows_NT, COMPUTERNAME=JULIO-GOMEZ, PROCESSOR_REVISION=3a09, CLASSPATH=.;C:\Program Files\Java\jdk1.8.0_151\lib;C:\Program Files\Java\jdk1.8.0_151\jre\lib, CommonProgramW6432=C:\Program Files\Common Files, ComSpec=C:\WINDOWS\system32\cmd.exe, ProgramData=C:\ProgramData, ProgramW6432=C:\Program Files, HOMEPATH=\Users\julio.gomez, SystemRoot=C:\WINDOWS, TEMP=C:\Users\JULIO~1.GOM\AppData\Local\Temp, HOMEDRIVE=C:, PROCESSOR_IDENTIFIER=Intel64 Family 6 Model 58 Stepping 9, GenuineIntel, USERPROFILE=C:\Users\julio.gomez, TMP=C:\Users\JULIO~1.GOM\AppData\Local\Temp, CommonProgramFiles(x86)=C:\Program Files (x86)\Common Files, ProgramFiles=C:\Program Files, PUBLIC=C:\Users\Public, NUMBER_OF_PROCESSORS=8, windir=C:\WINDOWS, =::=::\}}]
09:49:48.901 [Test worker] DEBUG org.springframework.core.io.support.PathMatchingResourcePatternResolver - Resolved classpath location [com/ceiba/Parqueadero/ServicioRestParqueadero/] to resources [URL [file:/C:/Users/julio.gomez/Documents/ProyectoParqueadero/ServicioRestParqueadero/ServicioRestParqueadero/build/classes/java/test/com/ceiba/Parqueadero/ServicioRestParqueadero/], URL [file:/C:/Users/julio.gomez/Documents/ProyectoParqueadero/ServicioRestParqueadero/ServicioRestParqueadero/build/classes/java/main/com/ceiba/Parqueadero/ServicioRestParqueadero/]]
09:49:48.901 [Test worker] DEBUG org.springframework.core.io.support.PathMatchingResourcePatternResolver - Looking for matching resources in directory tree [C:\Users\julio.gomez\Documents\ProyectoParqueadero\ServicioRestParqueadero\ServicioRestParqueadero\build\classes\java\test\com\ceiba\Parqueadero\ServicioRestParqueadero]
09:49:48.902 [Test worker] DEBUG org.springframework.core.io.support.PathMatchingResourcePatternResolver - Searching directory [C:\Users\julio.gomez\Documents\ProyectoParqueadero\ServicioRestParqueadero\ServicioRestParqueadero\build\classes\java\test\com\ceiba\Parqueadero\ServicioRestParqueadero] for files matching pattern [C:/Users/julio.gomez/Documents/ProyectoParqueadero/ServicioRestParqueadero/ServicioRestParqueadero/build/classes/java/test/com/ceiba/Parqueadero/ServicioRestParqueadero/*.class]
09:49:48.906 [Test worker] DEBUG org.springframework.core.io.support.PathMatchingResourcePatternResolver - Looking for matching resources in directory tree [C:\Users\julio.gomez\Documents\ProyectoParqueadero\ServicioRestParqueadero\ServicioRestParqueadero\build\classes\java\main\com\ceiba\Parqueadero\ServicioRestParqueadero]
09:49:48.906 [Test worker] DEBUG org.springframework.core.io.support.PathMatchingResourcePatternResolver - Searching directory [C:\Users\julio.gomez\Documents\ProyectoParqueadero\ServicioRestParqueadero\ServicioRestParqueadero\build\classes\java\main\com\ceiba\Parqueadero\ServicioRestParqueadero] for files matching pattern [C:/Users/julio.gomez/Documents/ProyectoParqueadero/ServicioRestParqueadero/ServicioRestParqueadero/build/classes/java/main/com/ceiba/Parqueadero/ServicioRestParqueadero/*.class]
09:49:48.907 [Test worker] DEBUG org.springframework.core.io.support.PathMatchingResourcePatternResolver - Resolved location pattern [classpath*:com/ceiba/Parqueadero/ServicioRestParqueadero/*.class] to resources [file [C:\Users\julio.gomez\Documents\ProyectoParqueadero\ServicioRestParqueadero\ServicioRestParqueadero\build\classes\java\test\com\ceiba\Parqueadero\ServicioRestParqueadero\ServicioRestParqueaderoApplicationTests.class], file [C:\Users\julio.gomez\Documents\ProyectoParqueadero\ServicioRestParqueadero\ServicioRestParqueadero\build\classes\java\main\com\ceiba\Parqueadero\ServicioRestParqueadero\ServicioRestParqueaderoApplication.class]]
09:49:48.979 [Test worker] DEBUG org.springframework.context.annotation.ClassPathScanningCandidateComponentProvider - Identified candidate component class: file [C:\Users\julio.gomez\Documents\ProyectoParqueadero\ServicioRestParqueadero\ServicioRestParqueadero\build\classes\java\main\com\ceiba\Parqueadero\ServicioRestParqueadero\ServicioRestParqueaderoApplication.class]
09:49:48.981 [Test worker] INFO org.springframework.boot.test.context.SpringBootTestContextBootstrapper - Found @SpringBootConfiguration com.ceiba.Parqueadero.ServicioRestParqueadero.ServicioRestParqueaderoApplication for test class com.ceiba.Parqueadero.ServicioRestParqueadero.ServicioRestParqueaderoApplicationTests
09:49:49.140 [Test worker] DEBUG org.springframework.boot.test.context.SpringBootTestContextBootstrapper - @TestExecutionListeners is not present for class [com.ceiba.Parqueadero.ServicioRestParqueadero.ServicioRestParqueaderoApplicationTests]: using defaults.
09:49:49.141 [Test worker] INFO org.springframework.boot.test.context.SpringBootTestContextBootstrapper - Loaded default TestExecutionListener class names from location [META-INF/spring.factories]: [org.springframework.test.context.web.ServletTestExecutionListener, org.springframework.test.context.support.DirtiesContextBeforeModesTestExecutionListener, org.springframework.test.context.support.DependencyInjectionTestExecutionListener, org.springframework.test.context.support.DirtiesContextTestExecutionListener, org.springframework.test.context.transaction.TransactionalTestExecutionListener, org.springframework.test.context.jdbc.SqlScriptsTestExecutionListener, org.springframework.boot.test.autoconfigure.restdocs.RestDocsTestExecutionListener, org.springframework.boot.test.autoconfigure.web.client.MockRestServiceServerResetTestExecutionListener, org.springframework.boot.test.autoconfigure.web.servlet.MockMvcPrintOnlyOnFailureTestExecutionListener, org.springframework.boot.test.autoconfigure.web.servlet.WebDriverTestExecutionListener, org.springframework.boot.test.mock.mockito.MockitoTestExecutionListener, org.springframework.boot.test.mock.mockito.ResetMocksTestExecutionListener]
09:49:49.173 [Test worker] INFO org.springframework.boot.test.context.SpringBootTestContextBootstrapper - Using TestExecutionListeners: [org.springframework.test.context.web.ServletTestExecutionListener@49e99d7, org.springframework.test.context.support.DirtiesContextBeforeModesTestExecutionListener@4e7dc182, org.springframework.boot.test.autoconfigure.SpringBootDependencyInjectionTestExecutionListener@42b5b8d, org.springframework.test.context.support.DirtiesContextTestExecutionListener@57fe857f, org.springframework.test.context.transaction.TransactionalTestExecutionListener@27deee76, org.springframework.test.context.jdbc.SqlScriptsTestExecutionListener@70f5ade, org.springframework.boot.test.autoconfigure.web.client.MockRestServiceServerResetTestExecutionListener@59a69e81, org.springframework.boot.test.mock.mockito.ResetMocksTestExecutionListener@7a503db7, org.springframework.boot.test.autoconfigure.web.servlet.MockMvcPrintOnlyOnFailureTestExecutionListener@2aadc1d5, org.springframework.boot.test.autoconfigure.restdocs.RestDocsTestExecutionListener@5709b7f4, org.springframework.boot.test.autoconfigure.web.servlet.WebDriverTestExecutionListener@3a367902, org.springframework.boot.test.mock.mockito.MockitoTestExecutionListener@41704676]
09:49:49.175 [Test worker] DEBUG org.springframework.test.annotation.ProfileValueUtils - Retrieved @ProfileValueSourceConfiguration [null] for test class [com.ceiba.Parqueadero.ServicioRestParqueadero.ServicioRestParqueaderoApplicationTests]
09:49:49.176 [Test worker] DEBUG org.springframework.test.annotation.ProfileValueUtils - Retrieved ProfileValueSource type [class org.springframework.test.annotation.SystemProfileValueSource] for class [com.ceiba.Parqueadero.ServicioRestParqueadero.ServicioRestParqueaderoApplicationTests]
09:49:49.176 [Test worker] DEBUG org.springframework.test.annotation.ProfileValueUtils - Retrieved @ProfileValueSourceConfiguration [null] for test class [com.ceiba.Parqueadero.ServicioRestParqueadero.ServicioRestParqueaderoApplicationTests]
09:49:49.176 [Test worker] DEBUG org.springframework.test.annotation.ProfileValueUtils - Retrieved ProfileValueSource type [class org.springframework.test.annotation.SystemProfileValueSource] for class [com.ceiba.Parqueadero.ServicioRestParqueadero.ServicioRestParqueaderoApplicationTests]
09:49:49.181 [Test worker] DEBUG org.springframework.test.context.support.AbstractDirtiesContextTestExecutionListener - Before test class: context [DefaultTestContext@60b77b76 testClass = ServicioRestParqueaderoApplicationTests, testInstance = [null], testMethod = [null], testException = [null], mergedContextConfiguration = [WebMergedContextConfiguration@7ab71f27 testClass = ServicioRestParqueaderoApplicationTests, locations = '{}', classes = '{class com.ceiba.Parqueadero.ServicioRestParqueadero.ServicioRestParqueaderoApplication}', contextInitializerClasses = '[]', activeProfiles = '{}', propertySourceLocations = '{}', propertySourceProperties = '{org.springframework.boot.test.context.SpringBootTestContextBootstrapper=true}', contextCustomizers = set[org.springframework.boot.test.autoconfigure.properties.PropertyMappingContextCustomizer@0, org.springframework.boot.test.autoconfigure.web.servlet.WebDriverContextCustomizerFactory$Customizer@ba31f35, org.springframework.boot.test.context.SpringBootTestContextCustomizer@76ba08ac, org.springframework.boot.test.context.filter.ExcludeFilterContextCustomizer@70dcdac5, org.springframework.boot.test.json.DuplicateJsonObjectContextCustomizerFactory$DuplicateJsonObjectContextCustomizer@4fa35c6b, org.springframework.boot.test.mock.mockito.MockitoContextCustomizer@0], resourceBasePath = 'src/main/webapp', contextLoader = 'org.springframework.boot.test.context.SpringBootContextLoader', parent = [null]], attributes = map['org.springframework.test.context.web.ServletTestExecutionListener.activateListener' -> true]], class annotated with @DirtiesContext [false] with mode [null].
09:49:49.181 [Test worker] DEBUG org.springframework.test.annotation.ProfileValueUtils - Retrieved @ProfileValueSourceConfiguration [null] for test class [com.ceiba.Parqueadero.ServicioRestParqueadero.ServicioRestParqueaderoApplicationTests]
09:49:49.182 [Test worker] DEBUG org.springframework.test.annotation.ProfileValueUtils - Retrieved ProfileValueSource type [class org.springframework.test.annotation.SystemProfileValueSource] for class [com.ceiba.Parqueadero.ServicioRestParqueadero.ServicioRestParqueaderoApplicationTests]
09:49:49.206 [Test worker] DEBUG org.springframework.core.env.StandardEnvironment - Adding PropertySource 'systemProperties' with lowest search precedence
09:49:49.206 [Test worker] DEBUG org.springframework.core.env.StandardEnvironment - Adding PropertySource 'systemEnvironment' with lowest search precedence
09:49:49.206 [Test worker] DEBUG org.springframework.core.env.StandardEnvironment - Initialized StandardEnvironment with PropertySources [MapPropertySource@899441894 {name='systemProperties', properties={java.runtime.name=Java(TM) SE Runtime Environment, sun.boot.library.path=C:\Program Files\Java\jdk1.8.0_151\jre\bin, java.vm.version=25.151-b12, java.vm.vendor=Oracle Corporation, java.vendor.url=http://java.oracle.com/, path.separator=;, java.vm.name=Java HotSpot(TM) 64-Bit Server VM, file.encoding.pkg=sun.io, user.script=, sun.java.launcher=SUN_STANDARD, user.country=US, sun.os.patch.level=, java.vm.specification.name=Java Virtual Machine Specification, user.dir=C:\Users\julio.gomez\Documents\ProyectoParqueadero\ServicioRestParqueadero\ServicioRestParqueadero, java.runtime.version=1.8.0_151-b12, java.awt.graphicsenv=sun.awt.Win32GraphicsEnvironment, java.endorsed.dirs=C:\Program Files\Java\jdk1.8.0_151\jre\lib\endorsed, os.arch=amd64, java.io.tmpdir=C:\Users\JULIO~1.GOM\AppData\Local\Temp\, line.separator=
, java.vm.specification.vendor=Oracle Corporation, user.variant=, os.name=Windows 10, sun.jnu.encoding=Cp1252, java.library.path=C:\Program Files\Java\jdk1.8.0_151\bin;C:\WINDOWS\Sun\Java\bin;C:\WINDOWS\system32;C:\WINDOWS;C:/Program Files/Java/jre1.8.0_151/bin/server;C:/Program Files/Java/jre1.8.0_151/bin;C:/Program Files/Java/jre1.8.0_151/lib/amd64;C:\ProgramData\Oracle\Java\javapath;C:\Program Files (x86)\Intel\iCLS Client\;C:\Program Files\Intel\iCLS Client\;C:\Oracle\product\11.1.0\client_1\bin;C:\Program Files\CollabNet\Subversion Client;C:\WINDOWS\system32;C:\WINDOWS;C:\WINDOWS\System32\Wbem;C:\WINDOWS\System32\WindowsPowerShell\v1.0\;C:\Program Files (x86)\Intel\Intel(R) Management Engine Components\DAL;C:\Program Files\Intel\Intel(R) Management Engine Components\DAL;C:\Program Files (x86)\Intel\Intel(R) Management Engine Components\IPT;C:\Program Files\Intel\Intel(R) Management Engine Components\IPT;C:\Program Files\Git\cmd;C:\Program Files\TortoiseSVN\bin;C:\Program Files\PuTTY\;D:\Gradle\gradle-4.2.1-bin\gradle-4.2.1\bin;C:\Users\julio.gomez\AppData\Local\Microsoft\WindowsApps;;C:\Users\julio.gomez\Desktop\eclipse-jee-oxygen-1a-win32-x86_64\eclipse;;., java.specification.name=Java Platform API Specification, java.class.version=52.0, org.gradle.native=false, sun.management.compiler=HotSpot 64-Bit Tiered Compilers, os.version=10.0, user.home=C:\Users\julio.gomez, user.timezone=America/Bogota, java.awt.printerjob=sun.awt.windows.WPrinterJob, file.encoding=windows-1252, java.specification.version=1.8, java.class.path=C:\Users\julio.gomez\Documents\ProyectoParqueadero\ServicioRestParqueadero\ServicioRestParqueadero\build\classes\java\test;C:\Users\julio.gomez\Documents\ProyectoParqueadero\ServicioRestParqueadero\ServicioRestParqueadero\build\resources\test;C:\Users\julio.gomez\Documents\ProyectoParqueadero\ServicioRestParqueadero\ServicioRestParqueadero\build\classes\java\main;C:\Users\julio.gomez\Documents\ProyectoParqueadero\ServicioRestParqueadero\ServicioRestParqueadero\build\resources\main;D:\Gradle\gradle-4.2.1-bin\gradle-4.2.1\caches\modules-2\files-2.1\org.springframework.boot\spring-boot-starter-data-jpa\2.0.0.BUILD-SNAPSHOT\8a4072633d31b7f2fbe3f6a10f81d43c41803f98\spring-boot-starter-data-jpa-2.0.0.BUILD-SNAPSHOT.jar;D:\Gradle\gradle-4.2.1-bin\gradle-4.2.1\caches\modules-2\files-2.1\org.springframework.boot\spring-boot-starter-web\2.0.0.BUILD-SNAPSHOT\a0bf3be22c946f09bbabc367f8c8722950efa448\spring-boot-starter-web-2.0.0.BUILD-SNAPSHOT.jar;D:\Gradle\gradle-4.2.1-bin\gradle-4.2.1\caches\modules-2\files-2.1\org.springframework.boot\spring-boot-starter-jdbc\1.2.7.RELEASE\8d6cdbc948a01739361500f3c7482523611505cc\spring-boot-starter-jdbc-1.2.7.RELEASE.jar;D:\Gradle\gradle-4.2.1-bin\gradle-4.2.1\caches\modules-2\files-2.1\commons-collections\commons-collections\3.2\f951934aa5ae5a88d7e6dfaa6d32307d834a88be\commons-collections-3.2.jar;D:\Gradle\gradle-4.2.1-bin\gradle-4.2.1\caches\modules-2\files-2.1\com.h2database\h2\1.4.196\dd0034398d593aa3588c6773faac429bbd9aea0e\h2-1.4.196.jar;D:\Gradle\gradle-4.2.1-bin\gradle-4.2.1\caches\modules-2\files-2.1\org.springframework.boot\spring-boot-starter-test\2.0.0.BUILD-SNAPSHOT\f0615f03526a8473e68f1e36c63a451502fcf49\spring-boot-starter-test-2.0.0.BUILD-SNAPSHOT.jar;D:\Gradle\gradle-4.2.1-bin\gradle-4.2.1\caches\modules-2\files-2.1\junit\junit\4.12\2973d150c0dc1fefe998f834810d68f278ea58ec\junit-4.12.jar;D:\Gradle\gradle-4.2.1-bin\gradle-4.2.1\caches\modules-2\files-2.1\org.mockito\mockito-core\2.11.0\f819efbe6ef3f010382cdc1b4d33749e377e1cc4\mockito-core-2.11.0.jar;D:\Gradle\gradle-4.2.1-bin\gradle-4.2.1\caches\modules-2\files-2.1\org.springframework.boot\spring-boot-starter-aop\2.0.0.BUILD-SNAPSHOT\aff27d6f6a092f2f613ccbc4657f266e0957e4c9\spring-boot-starter-aop-2.0.0.BUILD-SNAPSHOT.jar;D:\Gradle\gradle-4.2.1-bin\gradle-4.2.1\caches\modules-2\files-2.1\org.springframework.boot\spring-boot-starter-json\2.0.0.BUILD-SNAPSHOT\2a6ede18a36b6e7b81fbb7b13c1e9060755dcad1\spring-boot-starter-json-2.0.0.BUILD-SNAPSHOT.jar;D:\Gradle\gradle-4.2.1-bin\gradle-4.2.1\caches\modules-2\files-2.1\org.springframework.boot\spring-boot-starter\2.0.0.BUILD-SNAPSHOT\2e644bb05b80aea89e53110d1993b2fdbe60abe\spring-boot-starter-2.0.0.BUILD-SNAPSHOT.jar;D:\Gradle\gradle-4.2.1-bin\gradle-4.2.1\caches\modules-2\files-2.1\org.hibernate\hibernate-core\5.2.12.Final\ea479b6692e22c9b642dd4142db670e92d106544\hibernate-core-5.2.12.Final.jar;D:\Gradle\gradle-4.2.1-bin\gradle-4.2.1\caches\modules-2\files-2.1\javax.transaction\javax.transaction-api\1.2\d81aff979d603edd90dcd8db2abc1f4ce6479e3e\javax.transaction-api-1.2.jar;D:\Gradle\gradle-4.2.1-bin\gradle-4.2.1\caches\modules-2\files-2.1\org.springframework.data\spring-data-jpa\2.0.1.BUILD-SNAPSHOT\6d73ba61d9f517862cece0a7d5d8a0da4579b598\spring-data-jpa-2.0.1.BUILD-SNAPSHOT.jar;D:\Gradle\gradle-4.2.1-bin\gradle-4.2.1\caches\modules-2\files-2.1\org.springframework\spring-aspects\5.0.1.BUILD-SNAPSHOT\76341edc3806d5825f23d68b3525403e03b1cb20\spring-aspects-5.0.1.BUILD-SNAPSHOT.jar;D:\Gradle\gradle-4.2.1-bin\gradle-4.2.1\caches\modules-2\files-2.1\org.springframework.boot\spring-boot-starter-tomcat\2.0.0.BUILD-SNAPSHOT\c5309214bba07b0ffcfdc450e49e5258d8536e21\spring-boot-starter-tomcat-2.0.0.BUILD-SNAPSHOT.jar;D:\Gradle\gradle-4.2.1-bin\gradle-4.2.1\caches\modules-2\files-2.1\org.hibernate.validator\hibernate-validator\6.0.3.Final\ede992930ceba3ebd17bd3e5ac3e1be5f520cc6c\hibernate-validator-6.0.3.Final.jar;D:\Gradle\gradle-4.2.1-bin\gradle-4.2.1\caches\modules-2\files-2.1\org.springframework\spring-webmvc\5.0.1.BUILD-SNAPSHOT\c79c36e4478db3043229a890f25b0eb91834e3fc\spring-webmvc-5.0.1.BUILD-SNAPSHOT.jar;D:\Gradle\gradle-4.2.1-bin\gradle-4.2.1\caches\modules-2\files-2.1\org.springframework\spring-web\5.0.1.BUILD-SNAPSHOT\66310a2ec7362e3a4c468f9c99ffc27694ed4bc\spring-web-5.0.1.BUILD-SNAPSHOT.jar;D:\Gradle\gradle-4.2.1-bin\gradle-4.2.1\caches\modules-2\files-2.1\org.springframework\spring-orm\5.0.1.BUILD-SNAPSHOT\922f7f553b91bd24ea29908a6cfa3c458ff7d3ae\spring-orm-5.0.1.BUILD-SNAPSHOT.jar;D:\Gradle\gradle-4.2.1-bin\gradle-4.2.1\caches\modules-2\files-2.1\org.springframework\spring-jdbc\5.0.1.BUILD-SNAPSHOT\c14c0d2a9a36d2100a5014bdec4ce4e3a083bfd0\spring-jdbc-5.0.1.BUILD-SNAPSHOT.jar;D:\Gradle\gradle-4.2.1-bin\gradle-4.2.1\caches\modules-2\files-2.1\org.springframework\spring-tx\5.0.1.BUILD-SNAPSHOT\1738de43b1b20219a5d0aa6e95047bccd4792300\spring-tx-5.0.1.BUILD-SNAPSHOT.jar;D:\Gradle\gradle-4.2.1-bin\gradle-4.2.1\caches\modules-2\files-2.1\org.springframework\spring-test\5.0.1.BUILD-SNAPSHOT\579370ccc0a139d0ff27e30849e266668acd7876\spring-test-5.0.1.BUILD-SNAPSHOT.jar;D:\Gradle\gradle-4.2.1-bin\gradle-4.2.1\caches\modules-2\files-2.1\org.springframework.boot\spring-boot-test-autoconfigure\2.0.0.BUILD-SNAPSHOT\b9cacd11a6558ddc3bf154a8359f37554b9b3186\spring-boot-test-autoconfigure-2.0.0.BUILD-SNAPSHOT.jar;D:\Gradle\gradle-4.2.1-bin\gradle-4.2.1\caches\modules-2\files-2.1\org.springframework.boot\spring-boot-test\2.0.0.BUILD-SNAPSHOT\8adc800903a9ae64283d838b1256504c98fe2d48\spring-boot-test-2.0.0.BUILD-SNAPSHOT.jar;D:\Gradle\gradle-4.2.1-bin\gradle-4.2.1\caches\modules-2\files-2.1\org.springframework.boot\spring-boot-autoconfigure\2.0.0.BUILD-SNAPSHOT\1bbf28959fb4aade23bfbeb17c949ebaea7f958d\spring-boot-autoconfigure-2.0.0.BUILD-SNAPSHOT.jar;D:\Gradle\gradle-4.2.1-bin\gradle-4.2.1\caches\modules-2\files-2.1\org.springframework.boot\spring-boot\2.0.0.BUILD-SNAPSHOT\5345e2c4b4103a79ec8fc8407e1c1de63431c8a9\spring-boot-2.0.0.BUILD-SNAPSHOT.jar;D:\Gradle\gradle-4.2.1-bin\gradle-4.2.1\caches\modules-2\files-2.1\org.springframework\spring-context\5.0.1.BUILD-SNAPSHOT\e727aea51758e8708b5b543eec98a54754f3c8a\spring-context-5.0.1.BUILD-SNAPSHOT.jar;D:\Gradle\gradle-4.2.1-bin\gradle-4.2.1\caches\modules-2\files-2.1\org.springframework\spring-aop\5.0.1.BUILD-SNAPSHOT\744cc78cbd5cc40ed621f61b65f129ead2e48e64\spring-aop-5.0.1.BUILD-SNAPSHOT.jar;D:\Gradle\gradle-4.2.1-bin\gradle-4.2.1\caches\modules-2\files-2.1\org.springframework.data\spring-data-commons\2.0.1.BUILD-SNAPSHOT\3147a238dfe1396deac7c4e8507f46d5a7ff07db\spring-data-commons-2.0.1.BUILD-SNAPSHOT.jar;D:\Gradle\gradle-4.2.1-bin\gradle-4.2.1\caches\modules-2\files-2.1\org.springframework\spring-beans\5.0.1.BUILD-SNAPSHOT\4682ba94a1b9489d50807773d84f0ef6b861117e\spring-beans-5.0.1.BUILD-SNAPSHOT.jar;D:\Gradle\gradle-4.2.1-bin\gradle-4.2.1\caches\modules-2\files-2.1\org.springframework\spring-expression\5.0.1.BUILD-SNAPSHOT\6c6b46fc62286dc8e3a529089b6331b5f98c1a1b\spring-expression-5.0.1.BUILD-SNAPSHOT.jar;D:\Gradle\gradle-4.2.1-bin\gradle-4.2.1\caches\modules-2\files-2.1\org.springframework\spring-core\5.0.1.BUILD-SNAPSHOT\7bbdd05b257ce44e6a8b1814e54fb4da151c4a01\spring-core-5.0.1.BUILD-SNAPSHOT.jar;D:\Gradle\gradle-4.2.1-bin\gradle-4.2.1\caches\modules-2\files-2.1\org.apache.tomcat\tomcat-jdbc\8.5.23\6036400a8f2d90dd3ae3a4d09e5136c56002887b\tomcat-jdbc-8.5.23.jar;D:\Gradle\gradle-4.2.1-bin\gradle-4.2.1\caches\modules-2\files-2.1\org.hamcrest\hamcrest-library\1.3\4785a3c21320980282f9f33d0d1264a69040538f\hamcrest-library-1.3.jar;D:\Gradle\gradle-4.2.1-bin\gradle-4.2.1\caches\modules-2\files-2.1\org.hamcrest\hamcrest-core\1.3\42a25dc3219429f0e5d060061f71acb49bf010a0\hamcrest-core-1.3.jar;D:\Gradle\gradle-4.2.1-bin\gradle-4.2.1\caches\modules-2\files-2.1\com.jayway.jsonpath\json-path\2.4.0\765a4401ceb2dc8d40553c2075eb80a8fa35c2ae\json-path-2.4.0.jar;D:\Gradle\gradle-4.2.1-bin\gradle-4.2.1\caches\modules-2\files-2.1\org.assertj\assertj-core\3.8.0\b209d90ff2e279bee3e02547ee7b11349c52d0e3\assertj-core-3.8.0.jar;D:\Gradle\gradle-4.2.1-bin\gradle-4.2.1\caches\modules-2\files-2.1\org.skyscreamer\jsonassert\1.5.0\6c9d5fe2f59da598d9aefc1cfc6528ff3cf32df3\jsonassert-1.5.0.jar;D:\Gradle\gradle-4.2.1-bin\gradle-4.2.1\caches\modules-2\files-2.1\org.xmlunit\xmlunit-core\2.5.0\7464e446df1051ac5196ffd2c28ee903a1104133\xmlunit-core-2.5.0.jar;D:\Gradle\gradle-4.2.1-bin\gradle-4.2.1\caches\modules-2\files-2.1\net.bytebuddy\byte-buddy\1.7.6\f79a6ca612ed13038efedbbba1ead83b8d6fe7ec\byte-buddy-1.7.6.jar;D:\Gradle\gradle-4.2.1-bin\gradle-4.2.1\caches\modules-2\files-2.1\net.bytebuddy\byte-buddy-agent\1.7.6\e863f5ab595f480f42d641f22935437e679d4beb\byte-buddy-agent-1.7.6.jar;D:\Gradle\gradle-4.2.1-bin\gradle-4.2.1\caches\modules-2\files-2.1\org.objenesis\objenesis\2.6\639033469776fd37c08358c6b92a4761feb2af4b\objenesis-2.6.jar;D:\Gradle\gradle-4.2.1-bin\gradle-4.2.1\caches\modules-2\files-2.1\org.springframework.boot\spring-boot-starter-logging\2.0.0.BUILD-SNAPSHOT\47f6f2037f76ad86a81672bbe2b9340ac4744045\spring-boot-starter-logging-2.0.0.BUILD-SNAPSHOT.jar;D:\Gradle\gradle-4.2.1-bin\gradle-4.2.1\caches\modules-2\files-2.1\javax.annotation\javax.annotation-api\1.3.1\20a2c0583598d68b0835474bbe07792d4f3b219f\javax.annotation-api-1.3.1.jar;D:\Gradle\gradle-4.2.1-bin\gradle-4.2.1\caches\modules-2\files-2.1\org.yaml\snakeyaml\1.19\2d998d3d674b172a588e54ab619854d073f555b5\snakeyaml-1.19.jar;D:\Gradle\gradle-4.2.1-bin\gradle-4.2.1\caches\modules-2\files-2.1\org.aspectj\aspectjweaver\1.8.12\87be4d5a1c68004a247a62c011fa63da786965fb\aspectjweaver-1.8.12.jar;D:\Gradle\gradle-4.2.1-bin\gradle-4.2.1\caches\modules-2\files-2.1\org.hibernate.common\hibernate-commons-annotations\5.0.1.Final\71e1cff3fcb20d3b3af4f3363c3ddb24d33c6879\hibernate-commons-annotations-5.0.1.Final.jar;D:\Gradle\gradle-4.2.1-bin\gradle-4.2.1\caches\modules-2\files-2.1\org.jboss.logging\jboss-logging\3.3.1.Final\c46217ab74b532568c0ed31dc599db3048bd1b67\jboss-logging-3.3.1.Final.jar;D:\Gradle\gradle-4.2.1-bin\gradle-4.2.1\caches\modules-2\files-2.1\org.hibernate.javax.persistence\hibernate-jpa-2.1-api\1.0.0.Final\5e731d961297e5a07290bfaf3db1fbc8bbbf405a\hibernate-jpa-2.1-api-1.0.0.Final.jar;D:\Gradle\gradle-4.2.1-bin\gradle-4.2.1\caches\modules-2\files-2.1\org.javassist\javassist\3.22.0-CR2\44eaf0990dea92f4bca4b9931b2239c0e8756ee7\javassist-3.22.0-CR2.jar;D:\Gradle\gradle-4.2.1-bin\gradle-4.2.1\caches\modules-2\files-2.1\antlr\antlr\2.7.7\83cd2cd674a217ade95a4bb83a8a14f351f48bd0\antlr-2.7.7.jar;D:\Gradle\gradle-4.2.1-bin\gradle-4.2.1\caches\modules-2\files-2.1\org.jboss\jandex\2.0.3.Final\bfc4d6257dbff7a33a357f0de116be6ff951d849\jandex-2.0.3.Final.jar;D:\Gradle\gradle-4.2.1-bin\gradle-4.2.1\caches\modules-2\files-2.1\com.fasterxml\classmate\1.3.4\3d5f48f10bbe4eb7bd862f10c0583be2e0053c6\classmate-1.3.4.jar;D:\Gradle\gradle-4.2.1-bin\gradle-4.2.1\caches\modules-2\files-2.1\dom4j\dom4j\1.6.1\5d3ccc056b6f056dbf0dddfdf43894b9065a8f94\dom4j-1.6.1.jar;D:\Gradle\gradle-4.2.1-bin\gradle-4.2.1\caches\modules-2\files-2.1\ch.qos.logback\logback-classic\1.2.3\7c4f3c474fb2c041d8028740440937705ebb473a\logback-classic-1.2.3.jar;D:\Gradle\gradle-4.2.1-bin\gradle-4.2.1\caches\modules-2\files-2.1\org.slf4j\jul-to-slf4j\1.7.25\af5364cd6679bfffb114f0dec8a157aaa283b76\jul-to-slf4j-1.7.25.jar;D:\Gradle\gradle-4.2.1-bin\gradle-4.2.1\caches\modules-2\files-2.1\org.slf4j\log4j-over-slf4j\1.7.25\a87bb47468f47ee7aabbd54f93e133d4215769c3\log4j-over-slf4j-1.7.25.jar;D:\Gradle\gradle-4.2.1-bin\gradle-4.2.1\caches\modules-2\files-2.1\org.slf4j\slf4j-api\1.7.25\da76ca59f6a57ee3102f8f9bd9cee742973efa8a\slf4j-api-1.7.25.jar;D:\Gradle\gradle-4.2.1-bin\gradle-4.2.1\caches\modules-2\files-2.1\com.fasterxml.jackson.datatype\jackson-datatype-jdk8\2.9.2\9b0b7c623262e29c73e8f6a78f6150372d2066f8\jackson-datatype-jdk8-2.9.2.jar;D:\Gradle\gradle-4.2.1-bin\gradle-4.2.1\caches\modules-2\files-2.1\com.fasterxml.jackson.datatype\jackson-datatype-jsr310\2.9.2\e1653d338703d8233cc1ac18c6722510bdaceb4f\jackson-datatype-jsr310-2.9.2.jar;D:\Gradle\gradle-4.2.1-bin\gradle-4.2.1\caches\modules-2\files-2.1\com.fasterxml.jackson.module\jackson-module-parameter-names\2.9.2\be78ca220839b2c53ebd33fd4d580b5a0cacdd5a\jackson-module-parameter-names-2.9.2.jar;D:\Gradle\gradle-4.2.1-bin\gradle-4.2.1\caches\modules-2\files-2.1\com.fasterxml.jackson.module\jackson-module-kotlin\2.9.2\a9cf72ae68a641ade45c400b6cec2d363818f11b\jackson-module-kotlin-2.9.2.jar;D:\Gradle\gradle-4.2.1-bin\gradle-4.2.1\caches\modules-2\files-2.1\com.fasterxml.jackson.core\jackson-databind\2.9.2\1d8d8cb7cf26920ba57fb61fa56da88cc123b21f\jackson-databind-2.9.2.jar;D:\Gradle\gradle-4.2.1-bin\gradle-4.2.1\caches\modules-2\files-2.1\org.apache.tomcat.embed\tomcat-embed-websocket\8.5.23\52f07abcae10dc7e1764304b0877def175c2c833\tomcat-embed-websocket-8.5.23.jar;D:\Gradle\gradle-4.2.1-bin\gradle-4.2.1\caches\modules-2\files-2.1\org.apache.tomcat.embed\tomcat-embed-core\8.5.23\79261793a47f507890ee08f749b9d81774e4f7f0\tomcat-embed-core-8.5.23.jar;D:\Gradle\gradle-4.2.1-bin\gradle-4.2.1\caches\modules-2\files-2.1\org.apache.tomcat.embed\tomcat-embed-el\8.5.23\98d979cde444dffa6d434c8377d0123b2dfa614c\tomcat-embed-el-8.5.23.jar;D:\Gradle\gradle-4.2.1-bin\gradle-4.2.1\caches\modules-2\files-2.1\javax.validation\validation-api\2.0.0.Final\4a7ff48084bd336c4de1f79f027f6f77badf399e\validation-api-2.0.0.Final.jar;D:\Gradle\gradle-4.2.1-bin\gradle-4.2.1\caches\modules-2\files-2.1\org.springframework\spring-jcl\5.0.1.BUILD-SNAPSHOT\2140c94b03d97dd7b22b0b300f47f20fe3636dab\spring-jcl-5.0.1.BUILD-SNAPSHOT.jar;D:\Gradle\gradle-4.2.1-bin\gradle-4.2.1\caches\modules-2\files-2.1\org.apache.tomcat\tomcat-juli\8.5.23\98e7f0610b7b2fb8303f11be0210e3f5a56a7d55\tomcat-juli-8.5.23.jar;D:\Gradle\gradle-4.2.1-bin\gradle-4.2.1\caches\modules-2\files-2.1\net.minidev\json-smart\2.3\7396407491352ce4fa30de92efb158adb76b5b\json-smart-2.3.jar;D:\Gradle\gradle-4.2.1-bin\gradle-4.2.1\caches\modules-2\files-2.1\com.vaadin.external.google\android-json\0.0.20131108.vaadin1\fa26d351fe62a6a17f5cda1287c1c6110dec413f\android-json-0.0.20131108.vaadin1.jar;D:\Gradle\gradle-4.2.1-bin\gradle-4.2.1\caches\modules-2\files-2.1\com.fasterxml.jackson.core\jackson-annotations\2.9.0\7c10d545325e3a6e72e06381afe469fd40eb701\jackson-annotations-2.9.0.jar;D:\Gradle\gradle-4.2.1-bin\gradle-4.2.1\caches\modules-2\files-2.1\com.fasterxml.jackson.core\jackson-core\2.9.2\aed20e50152a2f19adc1995c8d8f307c7efa414d\jackson-core-2.9.2.jar;D:\Gradle\gradle-4.2.1-bin\gradle-4.2.1\caches\modules-2\files-2.1\org.apache.tomcat\tomcat-annotations-api\8.5.23\aaf17df9fe0240e9e9d5375d24d5f177174b73d9\tomcat-annotations-api-8.5.23.jar;D:\Gradle\gradle-4.2.1-bin\gradle-4.2.1\caches\modules-2\files-2.1\net.minidev\accessors-smart\1.2\c592b500269bfde36096641b01238a8350f8aa31\accessors-smart-1.2.jar;D:\Gradle\gradle-4.2.1-bin\gradle-4.2.1\caches\modules-2\files-2.1\ch.qos.logback\logback-core\1.2.3\864344400c3d4d92dfeb0a305dc87d953677c03c\logback-core-1.2.3.jar;D:\Gradle\gradle-4.2.1-bin\gradle-4.2.1\caches\modules-2\files-2.1\org.ow2.asm\asm\5.0.4\da08b8cce7bbf903602a25a3a163ae252435795\asm-5.0.4.jar, user.name=julio.gomez, java.vm.specification.version=1.8, sun.java.command=worker.org.gradle.process.internal.worker.GradleWorkerMain 'Gradle Test Executor 5', java.home=C:\Program Files\Java\jdk1.8.0_151\jre, sun.arch.data.model=64, user.language=en, java.specification.vendor=Oracle Corporation, awt.toolkit=sun.awt.windows.WToolkit, java.vm.info=mixed mode, java.version=1.8.0_151, java.ext.dirs=C:\Program Files\Java\jdk1.8.0_151\jre\lib\ext;C:\WINDOWS\Sun\Java\lib\ext, property=value, sun.boot.class.path=C:\Program Files\Java\jdk1.8.0_151\jre\lib\resources.jar;C:\Program Files\Java\jdk1.8.0_151\jre\lib\rt.jar;C:\Program Files\Java\jdk1.8.0_151\jre\lib\sunrsasign.jar;C:\Program Files\Java\jdk1.8.0_151\jre\lib\jsse.jar;C:\Program Files\Java\jdk1.8.0_151\jre\lib\jce.jar;C:\Program Files\Java\jdk1.8.0_151\jre\lib\charsets.jar;C:\Program Files\Java\jdk1.8.0_151\jre\lib\jfr.jar;C:\Program Files\Java\jdk1.8.0_151\jre\classes, java.vendor=Oracle Corporation, org.gradle.test.worker=5, file.separator=\, java.vendor.url.bug=http://bugreport.sun.com/bugreport/, sun.io.unicode.encoding=UnicodeLittle, sun.cpu.endian=little, sun.desktop=windows, sun.cpu.isalist=amd64}}, SystemEnvironmentPropertySource@1505284498 {name='systemEnvironment', properties={USERDOMAIN_ROAMINGPROFILE=CEIBA, LOCALAPPDATA=C:\Users\julio.gomez\AppData\Local, PROCESSOR_LEVEL=6, USERDOMAIN=CEIBA, LOGONSERVER=\\CRONOS, JAVA_HOME=C:\Program Files\Java\jdk1.8.0_151, SESSIONNAME=Console, ALLUSERSPROFILE=C:\ProgramData, PROCESSOR_ARCHITECTURE=AMD64, GRADLE_HOME=D:\Gradle\gradle-4.2.1-bin\gradle-4.2.1\bin, PSModulePath=C:\Program Files\WindowsPowerShell\Modules;C:\WINDOWS\system32\WindowsPowerShell\v1.0\Modules, SystemDrive=C:, JRE_HOME=C:\Program Files\Java\jdk1.8.0_151\jre, OneDrive=C:\Users\julio.gomez\OneDrive, APPDATA=C:\Users\julio.gomez\AppData\Roaming, USERNAME=julio.gomez, JDK_HOME=C:\Program Files\Java\jdk1.8.0_151, USERDNSDOMAIN=CEIBA.LOCAL, ProgramFiles(x86)=C:\Program Files (x86), CommonProgramFiles=C:\Program Files\Common Files, Path=C:/Program Files/Java/jre1.8.0_151/bin/server;C:/Program Files/Java/jre1.8.0_151/bin;C:/Program Files/Java/jre1.8.0_151/lib/amd64;C:\ProgramData\Oracle\Java\javapath;C:\Program Files (x86)\Intel\iCLS Client\;C:\Program Files\Intel\iCLS Client\;C:\Oracle\product\11.1.0\client_1\bin;C:\Program Files\CollabNet\Subversion Client;C:\WINDOWS\system32;C:\WINDOWS;C:\WINDOWS\System32\Wbem;C:\WINDOWS\System32\WindowsPowerShell\v1.0\;C:\Program Files (x86)\Intel\Intel(R) Management Engine Components\DAL;C:\Program Files\Intel\Intel(R) Management Engine Components\DAL;C:\Program Files (x86)\Intel\Intel(R) Management Engine Components\IPT;C:\Program Files\Intel\Intel(R) Management Engine Components\IPT;C:\Program Files\Git\cmd;C:\Program Files\TortoiseSVN\bin;C:\Program Files\PuTTY\;D:\Gradle\gradle-4.2.1-bin\gradle-4.2.1\bin;C:\Users\julio.gomez\AppData\Local\Microsoft\WindowsApps;;C:\Users\julio.gomez\Desktop\eclipse-jee-oxygen-1a-win32-x86_64\eclipse;, PATHEXT=.COM;.EXE;.BAT;.CMD;.VBS;.VBE;.JS;.JSE;.WSF;.WSH;.MSC, OS=Windows_NT, COMPUTERNAME=JULIO-GOMEZ, PROCESSOR_REVISION=3a09, CLASSPATH=.;C:\Program Files\Java\jdk1.8.0_151\lib;C:\Program Files\Java\jdk1.8.0_151\jre\lib, CommonProgramW6432=C:\Program Files\Common Files, ComSpec=C:\WINDOWS\system32\cmd.exe, ProgramData=C:\ProgramData, ProgramW6432=C:\Program Files, HOMEPATH=\Users\julio.gomez, SystemRoot=C:\WINDOWS, TEMP=C:\Users\JULIO~1.GOM\AppData\Local\Temp, HOMEDRIVE=C:, PROCESSOR_IDENTIFIER=Intel64 Family 6 Model 58 Stepping 9, GenuineIntel, USERPROFILE=C:\Users\julio.gomez, TMP=C:\Users\JULIO~1.GOM\AppData\Local\Temp, CommonProgramFiles(x86)=C:\Program Files (x86)\Common Files, ProgramFiles=C:\Program Files, PUBLIC=C:\Users\Public, NUMBER_OF_PROCESSORS=8, windir=C:\WINDOWS, =::=::\}}]
09:49:49.215 [Test worker] DEBUG org.springframework.test.context.support.TestPropertySourceUtils - Adding inlined properties to environment: {spring.jmx.enabled=false, org.springframework.boot.test.context.SpringBootTestContextBootstrapper=true, server.port=-1}
09:49:49.215 [Test worker] DEBUG org.springframework.core.env.StandardEnvironment - Adding PropertySource 'Inlined Test Properties' with highest search precedence

  .   ____          _            __ _ _
 /\\ / ___'_ __ _ _(_)_ __  __ _ \ \ \ \
( ( )\___ | '_ | '_| | '_ \/ _` | \ \ \ \
 \\/  ___)| |_)| | | | | || (_| |  ) ) ) )
  '  |____| .__|_| |_|_| |_\__, | / / / /
 =========|_|==============|___/=/_/_/_/
 :: Spring Boot ::  (v2.0.0.BUILD-SNAPSHOT)

2017-10-25 09:49:49.566  INFO 992 --- [    Test worker] .ServicioRestParqueaderoApplicationTests : Starting ServicioRestParqueaderoApplicationTests on JULIO-GOMEZ with PID 992 (started by julio.gomez in C:\Users\julio.gomez\Documents\ProyectoParqueadero\ServicioRestParqueadero\ServicioRestParqueadero)
2017-10-25 09:49:49.569  INFO 992 --- [    Test worker] .ServicioRestParqueaderoApplicationTests : No active profile set, falling back to default profiles: default
2017-10-25 09:49:49.629  INFO 992 --- [    Test worker] o.s.w.c.s.GenericWebApplicationContext   : Refreshing org.springframework.web.context.support.GenericWebApplicationContext@2b40f240: startup date [Wed Oct 25 09:49:49 COT 2017]; root of context hierarchy
2017-10-25 09:49:52.233 ERROR 992 --- [    Test worker] o.a.tomcat.jdbc.pool.ConnectionPool      : Unable to create initial connections of pool.

org.h2.jdbc.JdbcSQLException: Database may be already in use: null. Possible solutions: close all other connection(s); use the server mode [90020-196]
	at org.h2.message.DbException.getJdbcSQLException(DbException.java:345) ~[h2-1.4.196.jar:1.4.196]
	at org.h2.message.DbException.get(DbException.java:168) ~[h2-1.4.196.jar:1.4.196]
	at org.h2.mvstore.db.MVTableEngine$Store.convertIllegalStateException(MVTableEngine.java:188) ~[h2-1.4.196.jar:1.4.196]
	at org.h2.mvstore.db.MVTableEngine$Store.open(MVTableEngine.java:168) ~[h2-1.4.196.jar:1.4.196]
	at org.h2.mvstore.db.MVTableEngine.init(MVTableEngine.java:100) ~[h2-1.4.196.jar:1.4.196]
	at org.h2.engine.Database.getPageStore(Database.java:2476) ~[h2-1.4.196.jar:1.4.196]
	at org.h2.engine.Database.open(Database.java:697) ~[h2-1.4.196.jar:1.4.196]
	at org.h2.engine.Database.openDatabase(Database.java:276) ~[h2-1.4.196.jar:1.4.196]
	at org.h2.engine.Database.<init>(Database.java:270) ~[h2-1.4.196.jar:1.4.196]
	at org.h2.engine.Engine.openSession(Engine.java:64) ~[h2-1.4.196.jar:1.4.196]
	at org.h2.engine.Engine.openSession(Engine.java:176) ~[h2-1.4.196.jar:1.4.196]
	at org.h2.engine.Engine.createSessionAndValidate(Engine.java:154) ~[h2-1.4.196.jar:1.4.196]
	at org.h2.engine.Engine.createSession(Engine.java:137) ~[h2-1.4.196.jar:1.4.196]
	at org.h2.engine.Engine.createSession(Engine.java:27) ~[h2-1.4.196.jar:1.4.196]
	at org.h2.engine.SessionRemote.connectEmbeddedOrServer(SessionRemote.java:354) ~[h2-1.4.196.jar:1.4.196]
	at org.h2.jdbc.JdbcConnection.<init>(JdbcConnection.java:116) ~[h2-1.4.196.jar:1.4.196]
	at org.h2.jdbc.JdbcConnection.<init>(JdbcConnection.java:100) ~[h2-1.4.196.jar:1.4.196]
	at org.h2.Driver.connect(Driver.java:69) ~[h2-1.4.196.jar:1.4.196]
	at org.apache.tomcat.jdbc.pool.PooledConnection.connectUsingDriver(PooledConnection.java:310) ~[tomcat-jdbc-8.5.23.jar:na]
	at org.apache.tomcat.jdbc.pool.PooledConnection.connect(PooledConnection.java:203) ~[tomcat-jdbc-8.5.23.jar:na]
	at org.apache.tomcat.jdbc.pool.ConnectionPool.createConnection(ConnectionPool.java:735) [tomcat-jdbc-8.5.23.jar:na]
	at org.apache.tomcat.jdbc.pool.ConnectionPool.borrowConnection(ConnectionPool.java:667) [tomcat-jdbc-8.5.23.jar:na]
	at org.apache.tomcat.jdbc.pool.ConnectionPool.init(ConnectionPool.java:482) [tomcat-jdbc-8.5.23.jar:na]
	at org.apache.tomcat.jdbc.pool.ConnectionPool.<init>(ConnectionPool.java:154) [tomcat-jdbc-8.5.23.jar:na]
	at org.apache.tomcat.jdbc.pool.DataSourceProxy.pCreatePool(DataSourceProxy.java:118) [tomcat-jdbc-8.5.23.jar:na]
	at org.apache.tomcat.jdbc.pool.DataSourceProxy.createPool(DataSourceProxy.java:107) [tomcat-jdbc-8.5.23.jar:na]
	at org.apache.tomcat.jdbc.pool.DataSourceProxy.getConnection(DataSourceProxy.java:131) [tomcat-jdbc-8.5.23.jar:na]
	at org.springframework.jdbc.datasource.DataSourceUtils.fetchConnection(DataSourceUtils.java:151) [spring-jdbc-5.0.1.BUILD-SNAPSHOT.jar:5.0.1.BUILD-SNAPSHOT]
	at org.springframework.jdbc.datasource.DataSourceUtils.doGetConnection(DataSourceUtils.java:115) [spring-jdbc-5.0.1.BUILD-SNAPSHOT.jar:5.0.1.BUILD-SNAPSHOT]
	at org.springframework.jdbc.datasource.DataSourceUtils.getConnection(DataSourceUtils.java:78) [spring-jdbc-5.0.1.BUILD-SNAPSHOT.jar:5.0.1.BUILD-SNAPSHOT]
	at org.springframework.jdbc.support.JdbcUtils.extractDatabaseMetaData(JdbcUtils.java:319) [spring-jdbc-5.0.1.BUILD-SNAPSHOT.jar:5.0.1.BUILD-SNAPSHOT]
	at org.springframework.jdbc.support.JdbcUtils.extractDatabaseMetaData(JdbcUtils.java:356) [spring-jdbc-5.0.1.BUILD-SNAPSHOT.jar:5.0.1.BUILD-SNAPSHOT]
	at org.springframework.boot.autoconfigure.orm.jpa.DatabaseLookup.getDatabase(DatabaseLookup.java:72) [spring-boot-autoconfigure-2.0.0.BUILD-SNAPSHOT.jar:2.0.0.BUILD-SNAPSHOT]
	at org.springframework.boot.autoconfigure.orm.jpa.JpaProperties.determineDatabase(JpaProperties.java:149) [spring-boot-autoconfigure-2.0.0.BUILD-SNAPSHOT.jar:2.0.0.BUILD-SNAPSHOT]
	at org.springframework.boot.autoconfigure.orm.jpa.JpaBaseConfiguration.jpaVendorAdapter(JpaBaseConfiguration.java:106) [spring-boot-autoconfigure-2.0.0.BUILD-SNAPSHOT.jar:2.0.0.BUILD-SNAPSHOT]
	at org.springframework.boot.autoconfigure.orm.jpa.HibernateJpaConfiguration$$EnhancerBySpringCGLIB$$c82756f1.CGLIB$jpaVendorAdapter$4(<generated>) [spring-boot-autoconfigure-2.0.0.BUILD-SNAPSHOT.jar:2.0.0.BUILD-SNAPSHOT]
	at org.springframework.boot.autoconfigure.orm.jpa.HibernateJpaConfiguration$$EnhancerBySpringCGLIB$$c82756f1$$FastClassBySpringCGLIB$$9542b0d5.invoke(<generated>) [spring-boot-autoconfigure-2.0.0.BUILD-SNAPSHOT.jar:2.0.0.BUILD-SNAPSHOT]
	at org.springframework.cglib.proxy.MethodProxy.invokeSuper(MethodProxy.java:228) [spring-core-5.0.1.BUILD-SNAPSHOT.jar:5.0.1.BUILD-SNAPSHOT]
	at org.springframework.context.annotation.ConfigurationClassEnhancer$BeanMethodInterceptor.intercept(ConfigurationClassEnhancer.java:361) [spring-context-5.0.1.BUILD-SNAPSHOT.jar:5.0.1.BUILD-SNAPSHOT]
	at org.springframework.boot.autoconfigure.orm.jpa.HibernateJpaConfiguration$$EnhancerBySpringCGLIB$$c82756f1.jpaVendorAdapter(<generated>) [spring-boot-autoconfigure-2.0.0.BUILD-SNAPSHOT.jar:2.0.0.BUILD-SNAPSHOT]
	at sun.reflect.NativeMethodAccessorImpl.invoke0(Native Method) ~[na:1.8.0_151]
	at sun.reflect.NativeMethodAccessorImpl.invoke(NativeMethodAccessorImpl.java:62) ~[na:1.8.0_151]
	at sun.reflect.DelegatingMethodAccessorImpl.invoke(DelegatingMethodAccessorImpl.java:43) ~[na:1.8.0_151]
	at java.lang.reflect.Method.invoke(Method.java:498) ~[na:1.8.0_151]
	at org.springframework.beans.factory.support.SimpleInstantiationStrategy.instantiate(SimpleInstantiationStrategy.java:155) [spring-beans-5.0.1.BUILD-SNAPSHOT.jar:5.0.1.BUILD-SNAPSHOT]
	at org.springframework.beans.factory.support.ConstructorResolver.instantiateUsingFactoryMethod(ConstructorResolver.java:575) [spring-beans-5.0.1.BUILD-SNAPSHOT.jar:5.0.1.BUILD-SNAPSHOT]
	at org.springframework.beans.factory.support.AbstractAutowireCapableBeanFactory.instantiateUsingFactoryMethod(AbstractAutowireCapableBeanFactory.java:1249) [spring-beans-5.0.1.BUILD-SNAPSHOT.jar:5.0.1.BUILD-SNAPSHOT]
	at org.springframework.beans.factory.support.AbstractAutowireCapableBeanFactory.createBeanInstance(AbstractAutowireCapableBeanFactory.java:1098) [spring-beans-5.0.1.BUILD-SNAPSHOT.jar:5.0.1.BUILD-SNAPSHOT]
	at org.springframework.beans.factory.support.AbstractAutowireCapableBeanFactory.doCreateBean(AbstractAutowireCapableBeanFactory.java:545) [spring-beans-5.0.1.BUILD-SNAPSHOT.jar:5.0.1.BUILD-SNAPSHOT]
	at org.springframework.beans.factory.support.AbstractAutowireCapableBeanFactory.createBean(AbstractAutowireCapableBeanFactory.java:502) [spring-beans-5.0.1.BUILD-SNAPSHOT.jar:5.0.1.BUILD-SNAPSHOT]
	at org.springframework.beans.factory.support.AbstractBeanFactory.lambda$doGetBean$0(AbstractBeanFactory.java:312) [spring-beans-5.0.1.BUILD-SNAPSHOT.jar:5.0.1.BUILD-SNAPSHOT]
	at org.springframework.beans.factory.support.DefaultSingletonBeanRegistry.getSingleton(DefaultSingletonBeanRegistry.java:228) ~[spring-beans-5.0.1.BUILD-SNAPSHOT.jar:5.0.1.BUILD-SNAPSHOT]
	at org.springframework.beans.factory.support.AbstractBeanFactory.doGetBean(AbstractBeanFactory.java:310) [spring-beans-5.0.1.BUILD-SNAPSHOT.jar:5.0.1.BUILD-SNAPSHOT]
	at org.springframework.beans.factory.support.AbstractBeanFactory.getBean(AbstractBeanFactory.java:200) [spring-beans-5.0.1.BUILD-SNAPSHOT.jar:5.0.1.BUILD-SNAPSHOT]
	at org.springframework.beans.factory.config.DependencyDescriptor.resolveCandidate(DependencyDescriptor.java:251) ~[spring-beans-5.0.1.BUILD-SNAPSHOT.jar:5.0.1.BUILD-SNAPSHOT]
	at org.springframework.beans.factory.support.DefaultListableBeanFactory.doResolveDependency(DefaultListableBeanFactory.java:1133) ~[spring-beans-5.0.1.BUILD-SNAPSHOT.jar:5.0.1.BUILD-SNAPSHOT]
	at org.springframework.beans.factory.support.DefaultListableBeanFactory.resolveDependency(DefaultListableBeanFactory.java:1060) ~[spring-beans-5.0.1.BUILD-SNAPSHOT.jar:5.0.1.BUILD-SNAPSHOT]
	at org.springframework.beans.factory.support.ConstructorResolver.resolveAutowiredArgument(ConstructorResolver.java:809) [spring-beans-5.0.1.BUILD-SNAPSHOT.jar:5.0.1.BUILD-SNAPSHOT]
	at org.springframework.beans.factory.support.ConstructorResolver.createArgumentArray(ConstructorResolver.java:715) [spring-beans-5.0.1.BUILD-SNAPSHOT.jar:5.0.1.BUILD-SNAPSHOT]
	at org.springframework.beans.factory.support.ConstructorResolver.instantiateUsingFactoryMethod(ConstructorResolver.java:458) [spring-beans-5.0.1.BUILD-SNAPSHOT.jar:5.0.1.BUILD-SNAPSHOT]
	at org.springframework.beans.factory.support.AbstractAutowireCapableBeanFactory.instantiateUsingFactoryMethod(AbstractAutowireCapableBeanFactory.java:1249) [spring-beans-5.0.1.BUILD-SNAPSHOT.jar:5.0.1.BUILD-SNAPSHOT]
	at org.springframework.beans.factory.support.AbstractAutowireCapableBeanFactory.createBeanInstance(AbstractAutowireCapableBeanFactory.java:1098) [spring-beans-5.0.1.BUILD-SNAPSHOT.jar:5.0.1.BUILD-SNAPSHOT]
	at org.springframework.beans.factory.support.AbstractAutowireCapableBeanFactory.doCreateBean(AbstractAutowireCapableBeanFactory.java:545) [spring-beans-5.0.1.BUILD-SNAPSHOT.jar:5.0.1.BUILD-SNAPSHOT]
	at org.springframework.beans.factory.support.AbstractAutowireCapableBeanFactory.createBean(AbstractAutowireCapableBeanFactory.java:502) [spring-beans-5.0.1.BUILD-SNAPSHOT.jar:5.0.1.BUILD-SNAPSHOT]
	at org.springframework.beans.factory.support.AbstractBeanFactory.lambda$doGetBean$0(AbstractBeanFactory.java:312) [spring-beans-5.0.1.BUILD-SNAPSHOT.jar:5.0.1.BUILD-SNAPSHOT]
	at org.springframework.beans.factory.support.DefaultSingletonBeanRegistry.getSingleton(DefaultSingletonBeanRegistry.java:228) ~[spring-beans-5.0.1.BUILD-SNAPSHOT.jar:5.0.1.BUILD-SNAPSHOT]
	at org.springframework.beans.factory.support.AbstractBeanFactory.doGetBean(AbstractBeanFactory.java:310) [spring-beans-5.0.1.BUILD-SNAPSHOT.jar:5.0.1.BUILD-SNAPSHOT]
	at org.springframework.beans.factory.support.AbstractBeanFactory.getBean(AbstractBeanFactory.java:200) [spring-beans-5.0.1.BUILD-SNAPSHOT.jar:5.0.1.BUILD-SNAPSHOT]
	at org.springframework.beans.factory.config.DependencyDescriptor.resolveCandidate(DependencyDescriptor.java:251) ~[spring-beans-5.0.1.BUILD-SNAPSHOT.jar:5.0.1.BUILD-SNAPSHOT]
	at org.springframework.beans.factory.support.DefaultListableBeanFactory.doResolveDependency(DefaultListableBeanFactory.java:1133) ~[spring-beans-5.0.1.BUILD-SNAPSHOT.jar:5.0.1.BUILD-SNAPSHOT]
	at org.springframework.beans.factory.support.DefaultListableBeanFactory.resolveDependency(DefaultListableBeanFactory.java:1060) ~[spring-beans-5.0.1.BUILD-SNAPSHOT.jar:5.0.1.BUILD-SNAPSHOT]
	at org.springframework.beans.factory.support.ConstructorResolver.resolveAutowiredArgument(ConstructorResolver.java:809) [spring-beans-5.0.1.BUILD-SNAPSHOT.jar:5.0.1.BUILD-SNAPSHOT]
	at org.springframework.beans.factory.support.ConstructorResolver.createArgumentArray(ConstructorResolver.java:715) [spring-beans-5.0.1.BUILD-SNAPSHOT.jar:5.0.1.BUILD-SNAPSHOT]
	at org.springframework.beans.factory.support.ConstructorResolver.instantiateUsingFactoryMethod(ConstructorResolver.java:458) [spring-beans-5.0.1.BUILD-SNAPSHOT.jar:5.0.1.BUILD-SNAPSHOT]
	at org.springframework.beans.factory.support.AbstractAutowireCapableBeanFactory.instantiateUsingFactoryMethod(AbstractAutowireCapableBeanFactory.java:1249) [spring-beans-5.0.1.BUILD-SNAPSHOT.jar:5.0.1.BUILD-SNAPSHOT]
[...]
	at org.gradle.internal.remote.internal.hub.MessageHubBackedObjectConnection$DispatchWrapper.dispatch(MessageHubBackedObjectConnection.java:128) [gradle-messaging-4.2.1.jar:4.2.1]
	at org.gradle.internal.remote.internal.hub.MessageHub$Handler.run(MessageHub.java:404) [gradle-messaging-4.2.1.jar:4.2.1]
	at org.gradle.internal.concurrent.ExecutorPolicy$CatchAndRecordFailures.onExecute(ExecutorPolicy.java:63) [gradle-base-services-4.2.1.jar:4.2.1]
	at org.gradle.internal.concurrent.ManagedExecutorImpl$1.run(ManagedExecutorImpl.java:46) [gradle-base-services-4.2.1.jar:4.2.1]
	at java.util.concurrent.ThreadPoolExecutor.runWorker(ThreadPoolExecutor.java:1149) [na:1.8.0_151]
	at java.util.concurrent.ThreadPoolExecutor$Worker.run(ThreadPoolExecutor.java:624) [na:1.8.0_151]
	at org.gradle.internal.concurrent.ThreadFactoryImpl$ManagedThreadRunnable.run(ThreadFactoryImpl.java:55) [gradle-base-services-4.2.1.jar:4.2.1]
	at java.lang.Thread.run(Thread.java:748) [na:1.8.0_151]
Caused by: org.hibernate.service.spi.ServiceException: Unable to create requested service [org.hibernate.engine.jdbc.env.spi.JdbcEnvironment]
	at org.hibernate.service.internal.AbstractServiceRegistryImpl.createService(AbstractServiceRegistryImpl.java:271) ~[hibernate-core-5.2.12.Final.jar:5.2.12.Final]
	at org.hibernate.service.internal.AbstractServiceRegistryImpl.initializeService(AbstractServiceRegistryImpl.java:233) ~[hibernate-core-5.2.12.Final.jar:5.2.12.Final]
	at org.hibernate.service.internal.AbstractServiceRegistryImpl.getService(AbstractServiceRegistryImpl.java:210) ~[hibernate-core-5.2.12.Final.jar:5.2.12.Final]
	at org.hibernate.engine.jdbc.internal.JdbcServicesImpl.configure(JdbcServicesImpl.java:51) ~[hibernate-core-5.2.12.Final.jar:5.2.12.Final]
	at org.hibernate.boot.registry.internal.StandardServiceRegistryImpl.configureService(StandardServiceRegistryImpl.java:94) ~[hibernate-core-5.2.12.Final.jar:5.2.12.Final]
	at org.hibernate.service.internal.AbstractServiceRegistryImpl.initializeService(AbstractServiceRegistryImpl.java:242) ~[hibernate-core-5.2.12.Final.jar:5.2.12.Final]
	at org.hibernate.service.internal.AbstractServiceRegistryImpl.getService(AbstractServiceRegistryImpl.java:210) ~[hibernate-core-5.2.12.Final.jar:5.2.12.Final]
	at org.hibernate.boot.model.process.spi.MetadataBuildingProcess.handleTypes(MetadataBuildingProcess.java:352) ~[hibernate-core-5.2.12.Final.jar:5.2.12.Final]
	at org.hibernate.boot.model.process.spi.MetadataBuildingProcess.complete(MetadataBuildingProcess.java:111) ~[hibernate-core-5.2.12.Final.jar:5.2.12.Final]
	at org.hibernate.jpa.boot.internal.EntityManagerFactoryBuilderImpl.metadata(EntityManagerFactoryBuilderImpl.java:858) ~[hibernate-core-5.2.12.Final.jar:5.2.12.Final]
	at org.hibernate.jpa.boot.internal.EntityManagerFactoryBuilderImpl.build(EntityManagerFactoryBuilderImpl.java:885) ~[hibernate-core-5.2.12.Final.jar:5.2.12.Final]
	at org.springframework.orm.jpa.vendor.SpringHibernateJpaPersistenceProvider.createContainerEntityManagerFactory(SpringHibernateJpaPersistenceProvider.java:57) ~[spring-orm-5.0.1.BUILD-SNAPSHOT.jar:5.0.1.BUILD-SNAPSHOT]
	at org.springframework.orm.jpa.LocalContainerEntityManagerFactoryBean.createNativeEntityManagerFactory(LocalContainerEntityManagerFactoryBean.java:358) ~[spring-orm-5.0.1.BUILD-SNAPSHOT.jar:5.0.1.BUILD-SNAPSHOT]
	at org.springframework.orm.jpa.AbstractEntityManagerFactoryBean.buildNativeEntityManagerFactory(AbstractEntityManagerFactoryBean.java:384) ~[spring-orm-5.0.1.BUILD-SNAPSHOT.jar:5.0.1.BUILD-SNAPSHOT]
	at org.springframework.orm.jpa.AbstractEntityManagerFactoryBean.afterPropertiesSet(AbstractEntityManagerFactoryBean.java:373) ~[spring-orm-5.0.1.BUILD-SNAPSHOT.jar:5.0.1.BUILD-SNAPSHOT]
	at org.springframework.beans.factory.support.AbstractAutowireCapableBeanFactory.invokeInitMethods(AbstractAutowireCapableBeanFactory.java:1763) ~[spring-beans-5.0.1.BUILD-SNAPSHOT.jar:5.0.1.BUILD-SNAPSHOT]
	at org.springframework.beans.factory.support.AbstractAutowireCapableBeanFactory.initializeBean(AbstractAutowireCapableBeanFactory.java:1700) ~[spring-beans-5.0.1.BUILD-SNAPSHOT.jar:5.0.1.BUILD-SNAPSHOT]
	... 63 common frames omitted
Caused by: org.hibernate.HibernateException: Access to DialectResolutionInfo cannot be null when 'hibernate.dialect' not set
	at org.hibernate.engine.jdbc.dialect.internal.DialectFactoryImpl.determineDialect(DialectFactoryImpl.java:100) ~[hibernate-core-5.2.12.Final.jar:5.2.12.Final]
	at org.hibernate.engine.jdbc.dialect.internal.DialectFactoryImpl.buildDialect(DialectFactoryImpl.java:54) ~[hibernate-core-5.2.12.Final.jar:5.2.12.Final]
	at org.hibernate.engine.jdbc.env.internal.JdbcEnvironmentInitiator.initiateService(JdbcEnvironmentInitiator.java:137) ~[hibernate-core-5.2.12.Final.jar:5.2.12.Final]
	at org.hibernate.engine.jdbc.env.internal.JdbcEnvironmentInitiator.initiateService(JdbcEnvironmentInitiator.java:35) ~[hibernate-core-5.2.12.Final.jar:5.2.12.Final]
	at org.hibernate.boot.registry.internal.StandardServiceRegistryImpl.initiateService(StandardServiceRegistryImpl.java:88) ~[hibernate-core-5.2.12.Final.jar:5.2.12.Final]
	at org.hibernate.service.internal.AbstractServiceRegistryImpl.createService(AbstractServiceRegistryImpl.java:259) ~[hibernate-core-5.2.12.Final.jar:5.2.12.Final]
	... 79 common frames omitted

2017-10-25 09:49:52.779 ERROR 992 --- [    Test worker] o.s.test.context.TestContextManager      : Caught exception while allowing TestExecutionListener [org.springframework.test.context.web.ServletTestExecutionListener@49e99d7] to prepare test instance [com.ceiba.Parqueadero.ServicioRestParqueadero.ServicioRestParqueaderoApplicationTests@3b00e1a6]

java.lang.IllegalStateException: Failed to load ApplicationContext
	at org.springframework.test.context.cache.DefaultCacheAwareContextLoaderDelegate.loadContext(DefaultCacheAwareContextLoaderDelegate.java:125) ~[spring-test-5.0.1.BUILD-SNAPSHOT.jar:5.0.1.BUILD-SNAPSHOT]
	at org.springframework.test.context.support.DefaultTestContext.getApplicationContext(DefaultTestContext.java:107) ~[spring-test-5.0.1.BUILD-SNAPSHOT.jar:5.0.1.BUILD-SNAPSHOT]
	at org.springframework.test.context.web.ServletTestExecutionListener.setUpRequestContextIfNecessary(ServletTestExecutionListener.java:190) ~[spring-test-5.0.1.BUILD-SNAPSHOT.jar:5.0.1.BUILD-SNAPSHOT]
	at org.springframework.test.context.web.ServletTestExecutionListener.prepareTestInstance(ServletTestExecutionListener.java:132) ~[spring-test-5.0.1.BUILD-SNAPSHOT.jar:5.0.1.BUILD-SNAPSHOT]
	at org.springframework.test.context.TestContextManager.prepareTestInstance(TestContextManager.java:242) ~[spring-test-5.0.1.BUILD-SNAPSHOT.jar:5.0.1.BUILD-SNAPSHOT]
	at org.springframework.test.context.junit4.SpringJUnit4ClassRunner.createTest(SpringJUnit4ClassRunner.java:227) [spring-test-5.0.1.BUILD-SNAPSHOT.jar:5.0.1.BUILD-SNAPSHOT]
	at org.springframework.test.context.junit4.SpringJUnit4ClassRunner$1.runReflectiveCall(SpringJUnit4ClassRunner.java:289) [spring-test-5.0.1.BUILD-SNAPSHOT.jar:5.0.1.BUILD-SNAPSHOT]
	at org.junit.internal.runners.model.ReflectiveCallable.run(ReflectiveCallable.java:12) [junit-4.12.jar:4.12]
	at org.springframework.test.context.junit4.SpringJUnit4ClassRunner.methodBlock(SpringJUnit4ClassRunner.java:291) [spring-test-5.0.1.BUILD-SNAPSHOT.jar:5.0.1.BUILD-SNAPSHOT]
	at org.springframework.test.context.junit4.SpringJUnit4ClassRunner.runChild(SpringJUnit4ClassRunner.java:246) [spring-test-5.0.1.BUILD-SNAPSHOT.jar:5.0.1.BUILD-SNAPSHOT]
	at org.springframework.test.context.junit4.SpringJUnit4ClassRunner.runChild(SpringJUnit4ClassRunner.java:97) [spring-test-5.0.1.BUILD-SNAPSHOT.jar:5.0.1.BUILD-SNAPSHOT]
	at org.junit.runners.ParentRunner$3.run(ParentRunner.java:290) [junit-4.12.jar:4.12]
	at org.junit.runners.ParentRunner$1.schedule(ParentRunner.java:71) [junit-4.12.jar:4.12]
	at org.junit.runners.ParentRunner.runChildren(ParentRunner.java:288) [junit-4.12.jar:4.12]
	at org.junit.runners.ParentRunner.access$000(ParentRunner.java:58) [junit-4.12.jar:4.12]
	at org.junit.runners.ParentRunner$2.evaluate(ParentRunner.java:268) [junit-4.12.jar:4.12]
	at org.springframework.test.context.junit4.statements.RunBeforeTestClassCallbacks.evaluate(RunBeforeTestClassCallbacks.java:61) [spring-test-5.0.1.BUILD-SNAPSHOT.jar:5.0.1.BUILD-SNAPSHOT]
	at org.springframework.test.context.junit4.statements.RunAfterTestClassCallbacks.evaluate(RunAfterTestClassCallbacks.java:70) [spring-test-5.0.1.BUILD-SNAPSHOT.jar:5.0.1.BUILD-SNAPSHOT]
	at org.junit.runners.ParentRunner.run(ParentRunner.java:363) [junit-4.12.jar:4.12]
	at org.springframework.test.context.junit4.SpringJUnit4ClassRunner.run(SpringJUnit4ClassRunner.java:190) [spring-test-5.0.1.BUILD-SNAPSHOT.jar:5.0.1.BUILD-SNAPSHOT]
	at org.gradle.api.internal.tasks.testing.junit.JUnitTestClassExecuter.runTestClass(JUnitTestClassExecuter.java:114) [gradle-testing-jvm-4.2.1.jar:4.2.1]
	at org.gradle.api.internal.tasks.testing.junit.JUnitTestClassExecuter.execute(JUnitTestClassExecuter.java:57) [gradle-testing-jvm-4.2.1.jar:4.2.1]
	at org.gradle.api.internal.tasks.testing.junit.JUnitTestClassProcessor.processTestClass(JUnitTestClassProcessor.java:66) [gradle-testing-jvm-4.2.1.jar:4.2.1]
	at org.gradle.api.internal.tasks.testing.SuiteTestClassProcessor.processTestClass(SuiteTestClassProcessor.java:51) [gradle-testing-base-4.2.1.jar:4.2.1]
	at sun.reflect.NativeMethodAccessorImpl.invoke0(Native Method) ~[na:1.8.0_151]
	at sun.reflect.NativeMethodAccessorImpl.invoke(NativeMethodAccessorImpl.java:62) ~[na:1.8.0_151]
	at sun.reflect.DelegatingMethodAccessorImpl.invoke(DelegatingMethodAccessorImpl.java:43) ~[na:1.8.0_151]
	at java.lang.reflect.Method.invoke(Method.java:498) ~[na:1.8.0_151]
	at org.gradle.internal.dispatch.ReflectionDispatch.dispatch(ReflectionDispatch.java:35) [gradle-messaging-4.2.1.jar:4.2.1]
	at org.gradle.internal.dispatch.ReflectionDispatch.dispatch(ReflectionDispatch.java:24) [gradle-messaging-4.2.1.jar:4.2.1]
	at org.gradle.internal.dispatch.ContextClassLoaderDispatch.dispatch(ContextClassLoaderDispatch.java:32) [gradle-messaging-4.2.1.jar:4.2.1]
	at org.gradle.internal.dispatch.ProxyDispatchAdapter$DispatchingInvocationHandler.invoke(ProxyDispatchAdapter.java:93) [gradle-messaging-4.2.1.jar:4.2.1]
	at com.sun.proxy.$Proxy1.processTestClass(Unknown Source) [na:na]
	at org.gradle.api.internal.tasks.testing.worker.TestWorker.processTestClass(TestWorker.java:108) [gradle-testing-base-4.2.1.jar:4.2.1]
	at sun.reflect.NativeMethodAccessorImpl.invoke0(Native Method) ~[na:1.8.0_151]
	at sun.reflect.NativeMethodAccessorImpl.invoke(NativeMethodAccessorImpl.java:62) ~[na:1.8.0_151]
	at sun.reflect.DelegatingMethodAccessorImpl.invoke(DelegatingMethodAccessorImpl.java:43) ~[na:1.8.0_151]
	at java.lang.reflect.Method.invoke(Method.java:498) ~[na:1.8.0_151]
	at org.gradle.internal.dispatch.ReflectionDispatch.dispatch(ReflectionDispatch.java:35) [gradle-messaging-4.2.1.jar:4.2.1]
	at org.gradle.internal.dispatch.ReflectionDispatch.dispatch(ReflectionDispatch.java:24) [gradle-messaging-4.2.1.jar:4.2.1]
	at org.gradle.internal.remote.internal.hub.MessageHubBackedObjectConnection$DispatchWrapper.dispatch(MessageHubBackedObjectConnection.java:146) [gradle-messaging-4.2.1.jar:4.2.1]
	at org.gradle.internal.remote.internal.hub.MessageHubBackedObjectConnection$DispatchWrapper.dispatch(MessageHubBackedObjectConnection.java:128) [gradle-messaging-4.2.1.jar:4.2.1]
	at org.gradle.internal.remote.internal.hub.MessageHub$Handler.run(MessageHub.java:404) [gradle-messaging-4.2.1.jar:4.2.1]
	at org.gradle.internal.concurrent.ExecutorPolicy$CatchAndRecordFailures.onExecute(ExecutorPolicy.java:63) [gradle-base-services-4.2.1.jar:4.2.1]
	at org.gradle.internal.concurrent.ManagedExecutorImpl$1.run(ManagedExecutorImpl.java:46) [gradle-base-services-4.2.1.jar:4.2.1]
	at java.util.concurrent.ThreadPoolExecutor.runWorker(ThreadPoolExecutor.java:1149) [na:1.8.0_151]
	at java.util.concurrent.ThreadPoolExecutor$Worker.run(ThreadPoolExecutor.java:624) [na:1.8.0_151]
	at org.gradle.internal.concurrent.ThreadFactoryImpl$ManagedThreadRunnable.run(ThreadFactoryImpl.java:55) [gradle-base-services-4.2.1.jar:4.2.1]
	at java.lang.Thread.run(Thread.java:748) [na:1.8.0_151]
Caused by: org.springframework.beans.factory.BeanCreationException: Error creating bean with name 'entityManagerFactory' defined in class path resource [org/springframework/boot/autoconfigure/orm/jpa/HibernateJpaConfiguration.class]: Invocation of init method failed; nested exception is org.hibernate.service.spi.ServiceException: Unable to create requested service [org.hibernate.engine.jdbc.env.spi.JdbcEnvironment]
	at org.springframework.beans.factory.support.AbstractAutowireCapableBeanFactory.initializeBean(AbstractAutowireCapableBeanFactory.java:1704) ~[spring-beans-5.0.1.BUILD-SNAPSHOT.jar:5.0.1.BUILD-SNAPSHOT]
	at org.springframework.beans.factory.support.AbstractAutowireCapableBeanFactory.doCreateBean(AbstractAutowireCapableBeanFactory.java:583) ~[spring-beans-5.0.1.BUILD-SNAPSHOT.jar:5.0.1.BUILD-SNAPSHOT]
	at org.springframework.beans.factory.support.AbstractAutowireCapableBeanFactory.createBean(AbstractAutowireCapableBeanFactory.java:502) ~[spring-beans-5.0.1.BUILD-SNAPSHOT.jar:5.0.1.BUILD-SNAPSHOT]
	at org.springframework.beans.factory.support.AbstractBeanFactory.lambda$doGetBean$0(AbstractBeanFactory.java:312) ~[spring-beans-5.0.1.BUILD-SNAPSHOT.jar:5.0.1.BUILD-SNAPSHOT]
	at org.springframework.beans.factory.support.DefaultSingletonBeanRegistry.getSingleton(DefaultSingletonBeanRegistry.java:228) ~[spring-beans-5.0.1.BUILD-SNAPSHOT.jar:5.0.1.BUILD-SNAPSHOT]
	at org.springframework.beans.factory.support.AbstractBeanFactory.doGetBean(AbstractBeanFactory.java:310) ~[spring-beans-5.0.1.BUILD-SNAPSHOT.jar:5.0.1.BUILD-SNAPSHOT]
	at org.springframework.beans.factory.support.AbstractBeanFactory.getBean(AbstractBeanFactory.java:200) ~[spring-beans-5.0.1.BUILD-SNAPSHOT.jar:5.0.1.BUILD-SNAPSHOT]
	at org.springframework.context.support.AbstractApplicationContext.getBean(AbstractApplicationContext.java:1083) ~[spring-context-5.0.1.BUILD-SNAPSHOT.jar:5.0.1.BUILD-SNAPSHOT]
	at org.springframework.context.support.AbstractApplicationContext.finishBeanFactoryInitialization(AbstractApplicationContext.java:858) ~[spring-context-5.0.1.BUILD-SNAPSHOT.jar:5.0.1.BUILD-SNAPSHOT]
	at org.springframework.context.support.AbstractApplicationContext.refresh(AbstractApplicationContext.java:549) ~[spring-context-5.0.1.BUILD-SNAPSHOT.jar:5.0.1.BUILD-SNAPSHOT]
	at org.springframework.boot.SpringApplication.refresh(SpringApplication.java:750) ~[spring-boot-2.0.0.BUILD-SNAPSHOT.jar:2.0.0.BUILD-SNAPSHOT]
	at org.springframework.boot.SpringApplication.refreshContext(SpringApplication.java:386) ~[spring-boot-2.0.0.BUILD-SNAPSHOT.jar:2.0.0.BUILD-SNAPSHOT]
	at org.springframework.boot.SpringApplication.run(SpringApplication.java:327) ~[spring-boot-2.0.0.BUILD-SNAPSHOT.jar:2.0.0.BUILD-SNAPSHOT]
	at org.springframework.boot.test.context.SpringBootContextLoader.loadContext(SpringBootContextLoader.java:138) ~[spring-boot-test-2.0.0.BUILD-SNAPSHOT.jar:2.0.0.BUILD-SNAPSHOT]
	at org.springframework.test.context.cache.DefaultCacheAwareContextLoaderDelegate.loadContextInternal(DefaultCacheAwareContextLoaderDelegate.java:99) ~[spring-test-5.0.1.BUILD-SNAPSHOT.jar:5.0.1.BUILD-SNAPSHOT]
	at org.springframework.test.context.cache.DefaultCacheAwareContextLoaderDelegate.loadContext(DefaultCacheAwareContextLoaderDelegate.java:117) ~[spring-test-5.0.1.BUILD-SNAPSHOT.jar:5.0.1.BUILD-SNAPSHOT]
	... 48 common frames omitted
Caused by: org.hibernate.service.spi.ServiceException: Unable to create requested service [org.hibernate.engine.jdbc.env.spi.JdbcEnvironment]
	at org.hibernate.service.internal.AbstractServiceRegistryImpl.createService(AbstractServiceRegistryImpl.java:271) ~[hibernate-core-5.2.12.Final.jar:5.2.12.Final]
	at org.hibernate.service.internal.AbstractServiceRegistryImpl.initializeService(AbstractServiceRegistryImpl.java:233) ~[hibernate-core-5.2.12.Final.jar:5.2.12.Final]
	at org.hibernate.service.internal.AbstractServiceRegistryImpl.getService(AbstractServiceRegistryImpl.java:210) ~[hibernate-core-5.2.12.Final.jar:5.2.12.Final]
	at org.hibernate.engine.jdbc.internal.JdbcServicesImpl.configure(JdbcServicesImpl.java:51) ~[hibernate-core-5.2.12.Final.jar:5.2.12.Final]
	at org.hibernate.boot.registry.internal.StandardServiceRegistryImpl.configureService(StandardServiceRegistryImpl.java:94) ~[hibernate-core-5.2.12.Final.jar:5.2.12.Final]
	at org.hibernate.service.internal.AbstractServiceRegistryImpl.initializeService(AbstractServiceRegistryImpl.java:242) ~[hibernate-core-5.2.12.Final.jar:5.2.12.Final]
	at org.hibernate.service.internal.AbstractServiceRegistryImpl.getService(AbstractServiceRegistryImpl.java:210) ~[hibernate-core-5.2.12.Final.jar:5.2.12.Final]
	at org.hibernate.boot.model.process.spi.MetadataBuildingProcess.handleTypes(MetadataBuildingProcess.java:352) ~[hibernate-core-5.2.12.Final.jar:5.2.12.Final]
	at org.hibernate.boot.model.process.spi.MetadataBuildingProcess.complete(MetadataBuildingProcess.java:111) ~[hibernate-core-5.2.12.Final.jar:5.2.12.Final]
	at org.hibernate.jpa.boot.internal.EntityManagerFactoryBuilderImpl.metadata(EntityManagerFactoryBuilderImpl.java:858) ~[hibernate-core-5.2.12.Final.jar:5.2.12.Final]
	at org.hibernate.jpa.boot.internal.EntityManagerFactoryBuilderImpl.build(EntityManagerFactoryBuilderImpl.java:885) ~[hibernate-core-5.2.12.Final.jar:5.2.12.Final]
	at org.springframework.orm.jpa.vendor.SpringHibernateJpaPersistenceProvider.createContainerEntityManagerFactory(SpringHibernateJpaPersistenceProvider.java:57) ~[spring-orm-5.0.1.BUILD-SNAPSHOT.jar:5.0.1.BUILD-SNAPSHOT]
	at org.springframework.orm.jpa.LocalContainerEntityManagerFactoryBean.createNativeEntityManagerFactory(LocalContainerEntityManagerFactoryBean.java:358) ~[spring-orm-5.0.1.BUILD-SNAPSHOT.jar:5.0.1.BUILD-SNAPSHOT]
	at org.springframework.orm.jpa.AbstractEntityManagerFactoryBean.buildNativeEntityManagerFactory(AbstractEntityManagerFactoryBean.java:384) ~[spring-orm-5.0.1.BUILD-SNAPSHOT.jar:5.0.1.BUILD-SNAPSHOT]
	at org.springframework.orm.jpa.AbstractEntityManagerFactoryBean.afterPropertiesSet(AbstractEntityManagerFactoryBean.java:373) ~[spring-orm-5.0.1.BUILD-SNAPSHOT.jar:5.0.1.BUILD-SNAPSHOT]
	at org.springframework.beans.factory.support.AbstractAutowireCapableBeanFactory.invokeInitMethods(AbstractAutowireCapableBeanFactory.java:1763) ~[spring-beans-5.0.1.BUILD-SNAPSHOT.jar:5.0.1.BUILD-SNAPSHOT]
	at org.springframework.beans.factory.support.AbstractAutowireCapableBeanFactory.initializeBean(AbstractAutowireCapableBeanFactory.java:1700) ~[spring-beans-5.0.1.BUILD-SNAPSHOT.jar:5.0.1.BUILD-SNAPSHOT]
	... 63 common frames omitted
Caused by: org.hibernate.HibernateException: Access to DialectResolutionInfo cannot be null when 'hibernate.dialect' not set
	at org.hibernate.engine.jdbc.dialect.internal.DialectFactoryImpl.determineDialect(DialectFactoryImpl.java:100) ~[hibernate-core-5.2.12.Final.jar:5.2.12.Final]
	at org.hibernate.engine.jdbc.dialect.internal.DialectFactoryImpl.buildDialect(DialectFactoryImpl.java:54) ~[hibernate-core-5.2.12.Final.jar:5.2.12.Final]
	at org.hibernate.engine.jdbc.env.internal.JdbcEnvironmentInitiator.initiateService(JdbcEnvironmentInitiator.java:137) ~[hibernate-core-5.2.12.Final.jar:5.2.12.Final]
	at org.hibernate.engine.jdbc.env.internal.JdbcEnvironmentInitiator.initiateService(JdbcEnvironmentInitiator.java:35) ~[hibernate-core-5.2.12.Final.jar:5.2.12.Final]
	at org.hibernate.boot.registry.internal.StandardServiceRegistryImpl.initiateService(StandardServiceRegistryImpl.java:88) ~[hibernate-core-5.2.12.Final.jar:5.2.12.Final]
	at org.hibernate.service.internal.AbstractServiceRegistryImpl.createService(AbstractServiceRegistryImpl.java:259) ~[hibernate-core-5.2.12.Final.jar:5.2.12.Final]
	... 79 common frames omitted

]]></system-out>
  <system-err><![CDATA[]]></system-err>
</testsuite>
